-- Found ament_cmake: 1.3.11 (/opt/ros/humble/share/ament_cmake/cmake)
-- Found rclcpp: 16.0.12 (/opt/ros/humble/share/rclcpp/cmake)
-- Found rosidl_generator_c: 3.1.6 (/opt/ros/humble/share/rosidl_generator_c/cmake)
-- Found rosidl_adapter: 3.1.6 (/opt/ros/humble/share/rosidl_adapter/cmake)
-- Found rosidl_generator_cpp: 3.1.6 (/opt/ros/humble/share/rosidl_generator_cpp/cmake)
-- Using all available rosidl_typesupport_c: rosidl_typesupport_fastrtps_c;rosidl_typesupport_introspection_c
-- Using all available rosidl_typesupport_cpp: rosidl_typesupport_fastrtps_cpp;rosidl_typesupport_introspection_cpp
-- Found rmw_implementation_cmake: 6.1.2 (/opt/ros/humble/share/rmw_implementation_cmake/cmake)
-- Found rmw_fastrtps_cpp: 6.2.7 (/opt/ros/humble/share/rmw_fastrtps_cpp/cmake)
-- Using RMW implementation 'rmw_fastrtps_cpp' as default
-- Found geometry_msgs: 4.8.0 (/opt/ros/humble/share/geometry_msgs/cmake)
-- Found sensor_msgs: 4.8.0 (/opt/ros/humble/share/sensor_msgs/cmake)
-- Found nav_msgs: 4.8.0 (/opt/ros/humble/share/nav_msgs/cmake)
-- Found rosidl_default_generators: 1.2.0 (/opt/ros/humble/share/rosidl_default_generators/cmake)
-- Found tf2: 0.25.12 (/opt/ros/humble/share/tf2/cmake)
-- Found tf2_ros: 0.25.12 (/opt/ros/humble/share/tf2_ros/cmake)
-- Found tf2_geometry_msgs: 0.25.12 (/opt/ros/humble/share/tf2_geometry_msgs/cmake)
-- Found eigen3_cmake_module: 0.1.1 (/opt/ros/humble/share/eigen3_cmake_module/cmake)
-- Ensuring Eigen3 include directory is part of orocos-kdl CMake target
-- Found nav2_msgs: 1.1.18 (/opt/ros/humble/share/nav2_msgs/cmake)
-- Found visualization_msgs: 4.8.0 (/opt/ros/humble/share/visualization_msgs/cmake)
-- Found std_srvs: 4.8.0 (/opt/ros/humble/share/std_srvs/cmake)
-- Found ament_lint_auto: 0.12.12 (/opt/ros/humble/share/ament_lint_auto/cmake)
-- Added test 'cppcheck' to perform static code analysis on C / C++ code
-- Configured cppcheck include dirs: /home/thedush/Videos/ros2_ws/src/cpp_node/include
-- Configured cppcheck exclude dirs and/or files: 
-- Added test 'lint_cmake' to check CMake code style
-- Added test 'uncrustify' to check C / C++ code style
-- Configured uncrustify additional arguments: 
-- Added test 'xmllint' to check XML markup files
-- Configuring done
-- Generating done
-- Build files have been written to: /home/thedush/Videos/ros2_ws/build/cpp_node
[35m[1mConsolidate compiler generated dependencies of target waypoint_node[0m
[ 50%] [32mBuilding CXX object CMakeFiles/waypoint_node.dir/src/waypoint.cpp.o[0m
In file included from [01m[K/home/thedush/Videos/ros2_ws/src/cpp_node/include/cpp_node/waypoint.hpp:12[m[K,
                 from [01m[K/home/thedush/Videos/ros2_ws/src/cpp_node/src/waypoint.cpp:1[m[K:
[01m[K/opt/ros/humble/include/tf2_geometry_msgs/tf2_geometry_msgs/tf2_geometry_msgs.h:35:2:[m[K [01;35m[Kwarning: [m[K#warning This header is obsolete, please include tf2_geometry_msgs/tf2_geometry_msgs.hpp instead [[01;35m[K]8;;https://gcc.gnu.org/onlinedocs/gcc/Warning-Options.html#index-Wcpp-Wcpp]8;;[m[K]
   35 | #[01;35m[Kwarning[m[K This header is obsolete, please include tf2_geometry_msgs/tf2_geometry_msgs.hpp instead
      |  [01;35m[K^~~~~~~[m[K
[01m[K/home/thedush/Videos/ros2_ws/src/cpp_node/src/waypoint.cpp:[m[K In member function ‘[01m[Kvoid WaypointManager::createWaypoint(bool, const string&)[m[K’:
[01m[K/home/thedush/Videos/ros2_ws/src/cpp_node/src/waypoint.cpp:50:21:[m[K [01;31m[Kerror: [m[K‘[01m[KgetYaw[m[K’ is not a member of ‘[01m[Ktf2[m[K’
   50 |   double yaw = tf2::[01;31m[KgetYaw[m[K(last_pose_.orientation);
      |                     [01;31m[K^~~~~~[m[K
[01m[K/home/thedush/Videos/ros2_ws/src/cpp_node/src/waypoint.cpp:[m[K In member function ‘[01m[Kdouble WaypointManager::calculateYawDifference(const Pose&, const Pose&)[m[K’:
[01m[K/home/thedush/Videos/ros2_ws/src/cpp_node/src/waypoint.cpp:105:22:[m[K [01;31m[Kerror: [m[K‘[01m[KgetYaw[m[K’ is not a member of ‘[01m[Ktf2[m[K’
  105 |   double yaw1 = tf2::[01;31m[KgetYaw[m[K(p1.orientation);
      |                      [01;31m[K^~~~~~[m[K
[01m[K/home/thedush/Videos/ros2_ws/src/cpp_node/src/waypoint.cpp:106:22:[m[K [01;31m[Kerror: [m[K‘[01m[KgetYaw[m[K’ is not a member of ‘[01m[Ktf2[m[K’
  106 |   double yaw2 = tf2::[01;31m[KgetYaw[m[K(p2.orientation);
      |                      [01;31m[K^~~~~~[m[K
gmake[2]: *** [CMakeFiles/waypoint_node.dir/build.make:76: CMakeFiles/waypoint_node.dir/src/waypoint.cpp.o] Error 1
gmake[1]: *** [CMakeFiles/Makefile2:137: CMakeFiles/waypoint_node.dir/all] Error 2
gmake: *** [Makefile:146: all] Error 2
