[0.006s] Invoking command in '/home/thedush/Videos/ros2_ws/build/cpp_node': CMAKE_PREFIX_PATH=/opt/ros/humble /usr/bin/cmake --build /home/thedush/Videos/ros2_ws/build/cpp_node -- -j8 -l8
[0.024s] -- Found ament_cmake: 1.3.11 (/opt/ros/humble/share/ament_cmake/cmake)
[0.110s] -- Found rclcpp: 16.0.12 (/opt/ros/humble/share/rclcpp/cmake)
[0.132s] -- Found rosidl_generator_c: 3.1.6 (/opt/ros/humble/share/rosidl_generator_c/cmake)
[0.133s] -- Found rosidl_adapter: 3.1.6 (/opt/ros/humble/share/rosidl_adapter/cmake)
[0.137s] -- Found rosidl_generator_cpp: 3.1.6 (/opt/ros/humble/share/rosidl_generator_cpp/cmake)
[0.144s] -- Using all available rosidl_typesupport_c: rosidl_typesupport_fastrtps_c;rosidl_typesupport_introspection_c
[0.152s] -- Using all available rosidl_typesupport_cpp: rosidl_typesupport_fastrtps_cpp;rosidl_typesupport_introspection_cpp
[0.172s] -- Found rmw_implementation_cmake: 6.1.2 (/opt/ros/humble/share/rmw_implementation_cmake/cmake)
[0.173s] -- Found rmw_fastrtps_cpp: 6.2.7 (/opt/ros/humble/share/rmw_fastrtps_cpp/cmake)
[0.243s] -- Using RMW implementation 'rmw_fastrtps_cpp' as default
[0.275s] -- Found geometry_msgs: 4.8.0 (/opt/ros/humble/share/geometry_msgs/cmake)
[0.283s] -- Found sensor_msgs: 4.8.0 (/opt/ros/humble/share/sensor_msgs/cmake)
[0.295s] -- Found nav_msgs: 4.8.0 (/opt/ros/humble/share/nav_msgs/cmake)
[0.307s] -- Found rosidl_default_generators: 1.2.0 (/opt/ros/humble/share/rosidl_default_generators/cmake)
[0.311s] -- Found tf2: 0.25.12 (/opt/ros/humble/share/tf2/cmake)
[0.313s] -- Found tf2_ros: 0.25.12 (/opt/ros/humble/share/tf2_ros/cmake)
[0.367s] -- Found tf2_geometry_msgs: 0.25.12 (/opt/ros/humble/share/tf2_geometry_msgs/cmake)
[0.369s] -- Found eigen3_cmake_module: 0.1.1 (/opt/ros/humble/share/eigen3_cmake_module/cmake)
[0.370s] -- Ensuring Eigen3 include directory is part of orocos-kdl CMake target
[0.371s] -- Found nav2_msgs: 1.1.18 (/opt/ros/humble/share/nav2_msgs/cmake)
[0.387s] -- Found visualization_msgs: 4.8.0 (/opt/ros/humble/share/visualization_msgs/cmake)
[0.402s] -- Found std_srvs: 4.8.0 (/opt/ros/humble/share/std_srvs/cmake)
[0.410s] -- Found ament_lint_auto: 0.12.12 (/opt/ros/humble/share/ament_lint_auto/cmake)
[0.457s] -- Added test 'cppcheck' to perform static code analysis on C / C++ code
[0.457s] -- Configured cppcheck include dirs: /home/thedush/Videos/ros2_ws/src/cpp_node/include
[0.457s] -- Configured cppcheck exclude dirs and/or files: 
[0.458s] -- Added test 'lint_cmake' to check CMake code style
[0.458s] -- Added test 'uncrustify' to check C / C++ code style
[0.458s] -- Configured uncrustify additional arguments: 
[0.458s] -- Added test 'xmllint' to check XML markup files
[0.459s] -- Configuring done
[0.468s] -- Generating done
[0.474s] -- Build files have been written to: /home/thedush/Videos/ros2_ws/build/cpp_node
[0.493s] [35m[1mConsolidate compiler generated dependencies of target waypoint_node[0m
[0.508s] [ 50%] [32mBuilding CXX object CMakeFiles/waypoint_node.dir/src/waypoint.cpp.o[0m
[0.745s] In file included from [01m[K/home/thedush/Videos/ros2_ws/src/cpp_node/include/cpp_node/waypoint.hpp:12[m[K,
[0.745s]                  from [01m[K/home/thedush/Videos/ros2_ws/src/cpp_node/src/waypoint.cpp:1[m[K:
[0.745s] [01m[K/opt/ros/humble/include/tf2_geometry_msgs/tf2_geometry_msgs/tf2_geometry_msgs.h:35:2:[m[K [01;35m[Kwarning: [m[K#warning This header is obsolete, please include tf2_geometry_msgs/tf2_geometry_msgs.hpp instead [[01;35m[K]8;;https://gcc.gnu.org/onlinedocs/gcc/Warning-Options.html#index-Wcpp-Wcpp]8;;[m[K]
[0.745s]    35 | #[01;35m[Kwarning[m[K This header is obsolete, please include tf2_geometry_msgs/tf2_geometry_msgs.hpp instead
[0.745s]       |  [01;35m[K^~~~~~~[m[K
[2.887s] [01m[K/home/thedush/Videos/ros2_ws/src/cpp_node/src/waypoint.cpp:[m[K In member function ‘[01m[Kvoid WaypointManager::createWaypoint(bool, const string&)[m[K’:
[2.887s] [01m[K/home/thedush/Videos/ros2_ws/src/cpp_node/src/waypoint.cpp:50:21:[m[K [01;31m[Kerror: [m[K‘[01m[KgetYaw[m[K’ is not a member of ‘[01m[Ktf2[m[K’
[2.887s]    50 |   double yaw = tf2::[01;31m[KgetYaw[m[K(last_pose_.orientation);
[2.887s]       |                     [01;31m[K^~~~~~[m[K
[2.889s] [01m[K/home/thedush/Videos/ros2_ws/src/cpp_node/src/waypoint.cpp:[m[K In member function ‘[01m[Kdouble WaypointManager::calculateYawDifference(const Pose&, const Pose&)[m[K’:
[2.889s] [01m[K/home/thedush/Videos/ros2_ws/src/cpp_node/src/waypoint.cpp:105:22:[m[K [01;31m[Kerror: [m[K‘[01m[KgetYaw[m[K’ is not a member of ‘[01m[Ktf2[m[K’
[2.889s]   105 |   double yaw1 = tf2::[01;31m[KgetYaw[m[K(p1.orientation);
[2.889s]       |                      [01;31m[K^~~~~~[m[K
[2.889s] [01m[K/home/thedush/Videos/ros2_ws/src/cpp_node/src/waypoint.cpp:106:22:[m[K [01;31m[Kerror: [m[K‘[01m[KgetYaw[m[K’ is not a member of ‘[01m[Ktf2[m[K’
[2.889s]   106 |   double yaw2 = tf2::[01;31m[KgetYaw[m[K(p2.orientation);
[2.889s]       |                      [01;31m[K^~~~~~[m[K
[4.899s] gmake[2]: *** [CMakeFiles/waypoint_node.dir/build.make:76: CMakeFiles/waypoint_node.dir/src/waypoint.cpp.o] Error 1
[4.900s] gmake[1]: *** [CMakeFiles/Makefile2:137: CMakeFiles/waypoint_node.dir/all] Error 2
[4.900s] gmake: *** [Makefile:146: all] Error 2
[4.901s] Invoked command in '/home/thedush/Videos/ros2_ws/build/cpp_node' returned '2': CMAKE_PREFIX_PATH=/opt/ros/humble /usr/bin/cmake --build /home/thedush/Videos/ros2_ws/build/cpp_node -- -j8 -l8
