[4.727s] DEBUG:colcon:Command line arguments: ['/usr/bin/colcon', 'build']
[4.727s] DEBUG:colcon:Parsed command line arguments: Namespace(log_base=None, log_level=None, verb_name='build', build_base='build', install_base='install', merge_install=False, symlink_install=False, test_result_base=None, continue_on_error=False, executor='parallel', parallel_workers=8, event_handlers=None, ignore_user_meta=False, metas=['./colcon.meta'], base_paths=['.'], packages_ignore=None, packages_ignore_regex=None, paths=None, packages_up_to=None, packages_up_to_regex=None, packages_above=None, packages_above_and_dependencies=None, packages_above_depth=None, packages_select_by_dep=None, packages_skip_by_dep=None, packages_skip_up_to=None, packages_select_build_failed=False, packages_skip_build_finished=False, packages_select_test_failures=False, packages_skip_test_passed=False, packages_select=None, packages_skip=None, packages_select_regex=None, packages_skip_regex=None, packages_start=None, packages_end=None, allow_overriding=[], cmake_args=None, cmake_target=None, cmake_target_skip_unavailable=False, cmake_clean_cache=False, cmake_clean_first=False, cmake_force_configure=False, ament_cmake_args=None, catkin_cmake_args=None, catkin_skip_building_tests=False, mixin_files=None, mixin=None, verb_parser=<colcon_mixin.mixin.mixin_argument.MixinArgumentDecorator object at 0x7a6666d7a920>, verb_extension=<colcon_core.verb.build.BuildVerb object at 0x7a6666d7a470>, main=<bound method BuildVerb.main of <colcon_core.verb.build.BuildVerb object at 0x7a6666d7a470>>, mixin_verb=('build',))
[9.698s] Level 1:colcon.colcon_core.package_discovery:discover_packages(colcon_meta) check parameters
[9.699s] Level 1:colcon.colcon_core.package_discovery:discover_packages(recursive) check parameters
[9.699s] Level 1:colcon.colcon_core.package_discovery:discover_packages(ignore) check parameters
[9.699s] Level 1:colcon.colcon_core.package_discovery:discover_packages(path) check parameters
[9.699s] Level 1:colcon.colcon_core.package_discovery:discover_packages(colcon_meta) discover
[9.699s] Level 1:colcon.colcon_core.package_discovery:discover_packages(recursive) discover
[9.699s] INFO:colcon.colcon_core.package_discovery:Crawling recursively for packages in '/home/thedush/Waypoint_Manager'
[9.699s] Level 1:colcon.colcon_core.package_identification:_identify(.) by extensions ['ignore', 'ignore_ament_install']
[9.700s] Level 1:colcon.colcon_core.package_identification:_identify(.) by extension 'ignore'
[9.700s] Level 1:colcon.colcon_core.package_identification:_identify(.) by extension 'ignore_ament_install'
[9.700s] Level 1:colcon.colcon_core.package_identification:_identify(.) by extensions ['colcon_pkg']
[9.700s] Level 1:colcon.colcon_core.package_identification:_identify(.) by extension 'colcon_pkg'
[9.700s] Level 1:colcon.colcon_core.package_identification:_identify(.) by extensions ['colcon_meta']
[9.700s] Level 1:colcon.colcon_core.package_identification:_identify(.) by extension 'colcon_meta'
[9.700s] Level 1:colcon.colcon_core.package_identification:_identify(.) by extensions ['ros']
[9.700s] Level 1:colcon.colcon_core.package_identification:_identify(.) by extension 'ros'
[9.801s] Level 1:colcon.colcon_core.package_identification:_identify(.) by extensions ['cmake', 'python']
[9.801s] Level 1:colcon.colcon_core.package_identification:_identify(.) by extension 'cmake'
[9.801s] Level 1:colcon.colcon_core.package_identification:_identify(.) by extension 'python'
[9.802s] Level 1:colcon.colcon_core.package_identification:_identify(.) by extensions ['python_setup_py']
[9.802s] Level 1:colcon.colcon_core.package_identification:_identify(.) by extension 'python_setup_py'
[9.842s] Level 1:colcon.colcon_core.package_identification:_identify(ROS-Assignment) by extensions ['ignore', 'ignore_ament_install']
[9.842s] Level 1:colcon.colcon_core.package_identification:_identify(ROS-Assignment) by extension 'ignore'
[9.842s] Level 1:colcon.colcon_core.package_identification:_identify(ROS-Assignment) by extension 'ignore_ament_install'
[9.842s] Level 1:colcon.colcon_core.package_identification:_identify(ROS-Assignment) by extensions ['colcon_pkg']
[9.842s] Level 1:colcon.colcon_core.package_identification:_identify(ROS-Assignment) by extension 'colcon_pkg'
[9.842s] Level 1:colcon.colcon_core.package_identification:_identify(ROS-Assignment) by extensions ['colcon_meta']
[9.842s] Level 1:colcon.colcon_core.package_identification:_identify(ROS-Assignment) by extension 'colcon_meta'
[9.843s] Level 1:colcon.colcon_core.package_identification:_identify(ROS-Assignment) by extensions ['ros']
[9.843s] Level 1:colcon.colcon_core.package_identification:_identify(ROS-Assignment) by extension 'ros'
[9.843s] Level 1:colcon.colcon_core.package_identification:_identify(ROS-Assignment) by extensions ['cmake', 'python']
[9.843s] Level 1:colcon.colcon_core.package_identification:_identify(ROS-Assignment) by extension 'cmake'
[9.843s] Level 1:colcon.colcon_core.package_identification:_identify(ROS-Assignment) by extension 'python'
[9.843s] Level 1:colcon.colcon_core.package_identification:_identify(ROS-Assignment) by extensions ['python_setup_py']
[9.843s] Level 1:colcon.colcon_core.package_identification:_identify(ROS-Assignment) by extension 'python_setup_py'
[9.851s] Level 1:colcon.colcon_core.package_identification:_identify(ROS-Assignment/src) by extensions ['ignore', 'ignore_ament_install']
[9.852s] Level 1:colcon.colcon_core.package_identification:_identify(ROS-Assignment/src) by extension 'ignore'
[9.852s] Level 1:colcon.colcon_core.package_identification:_identify(ROS-Assignment/src) by extension 'ignore_ament_install'
[9.852s] Level 1:colcon.colcon_core.package_identification:_identify(ROS-Assignment/src) by extensions ['colcon_pkg']
[9.852s] Level 1:colcon.colcon_core.package_identification:_identify(ROS-Assignment/src) by extension 'colcon_pkg'
[9.852s] Level 1:colcon.colcon_core.package_identification:_identify(ROS-Assignment/src) by extensions ['colcon_meta']
[9.852s] Level 1:colcon.colcon_core.package_identification:_identify(ROS-Assignment/src) by extension 'colcon_meta'
[9.852s] Level 1:colcon.colcon_core.package_identification:_identify(ROS-Assignment/src) by extensions ['ros']
[9.852s] Level 1:colcon.colcon_core.package_identification:_identify(ROS-Assignment/src) by extension 'ros'
[9.852s] Level 1:colcon.colcon_core.package_identification:_identify(ROS-Assignment/src) by extensions ['cmake', 'python']
[9.852s] Level 1:colcon.colcon_core.package_identification:_identify(ROS-Assignment/src) by extension 'cmake'
[9.852s] Level 1:colcon.colcon_core.package_identification:_identify(ROS-Assignment/src) by extension 'python'
[9.853s] Level 1:colcon.colcon_core.package_identification:_identify(ROS-Assignment/src) by extensions ['python_setup_py']
[9.853s] Level 1:colcon.colcon_core.package_identification:_identify(ROS-Assignment/src) by extension 'python_setup_py'
[9.864s] Level 1:colcon.colcon_core.package_identification:_identify(ROS-Assignment/src/butlerbot_description) by extensions ['ignore', 'ignore_ament_install']
[9.864s] Level 1:colcon.colcon_core.package_identification:_identify(ROS-Assignment/src/butlerbot_description) by extension 'ignore'
[9.864s] Level 1:colcon.colcon_core.package_identification:_identify(ROS-Assignment/src/butlerbot_description) by extension 'ignore_ament_install'
[9.865s] Level 1:colcon.colcon_core.package_identification:_identify(ROS-Assignment/src/butlerbot_description) by extensions ['colcon_pkg']
[9.865s] Level 1:colcon.colcon_core.package_identification:_identify(ROS-Assignment/src/butlerbot_description) by extension 'colcon_pkg'
[9.865s] Level 1:colcon.colcon_core.package_identification:_identify(ROS-Assignment/src/butlerbot_description) by extensions ['colcon_meta']
[9.865s] Level 1:colcon.colcon_core.package_identification:_identify(ROS-Assignment/src/butlerbot_description) by extension 'colcon_meta'
[9.865s] Level 1:colcon.colcon_core.package_identification:_identify(ROS-Assignment/src/butlerbot_description) by extensions ['ros']
[9.865s] Level 1:colcon.colcon_core.package_identification:_identify(ROS-Assignment/src/butlerbot_description) by extension 'ros'
[9.895s] DEBUG:colcon.colcon_core.package_identification:Package 'ROS-Assignment/src/butlerbot_description' with type 'ros.ament_cmake' and name 'butlerbot_description'
[9.918s] Level 1:colcon.colcon_core.package_identification:_identify(ROS-Assignment/src/butlerbot_gazebo) by extensions ['ignore', 'ignore_ament_install']
[9.919s] Level 1:colcon.colcon_core.package_identification:_identify(ROS-Assignment/src/butlerbot_gazebo) by extension 'ignore'
[9.919s] Level 1:colcon.colcon_core.package_identification:_identify(ROS-Assignment/src/butlerbot_gazebo) by extension 'ignore_ament_install'
[9.919s] Level 1:colcon.colcon_core.package_identification:_identify(ROS-Assignment/src/butlerbot_gazebo) by extensions ['colcon_pkg']
[9.919s] Level 1:colcon.colcon_core.package_identification:_identify(ROS-Assignment/src/butlerbot_gazebo) by extension 'colcon_pkg'
[9.919s] Level 1:colcon.colcon_core.package_identification:_identify(ROS-Assignment/src/butlerbot_gazebo) by extensions ['colcon_meta']
[9.919s] Level 1:colcon.colcon_core.package_identification:_identify(ROS-Assignment/src/butlerbot_gazebo) by extension 'colcon_meta'
[9.919s] Level 1:colcon.colcon_core.package_identification:_identify(ROS-Assignment/src/butlerbot_gazebo) by extensions ['ros']
[9.919s] Level 1:colcon.colcon_core.package_identification:_identify(ROS-Assignment/src/butlerbot_gazebo) by extension 'ros'
[9.949s] DEBUG:colcon.colcon_core.package_identification:Package 'ROS-Assignment/src/butlerbot_gazebo' with type 'ros.ament_cmake' and name 'butlerbot_gazebo'
[10.070s] Level 1:colcon.colcon_core.package_identification:_identify(ROS-Assignment/src/butlerbot_localization) by extensions ['ignore', 'ignore_ament_install']
[10.071s] Level 1:colcon.colcon_core.package_identification:_identify(ROS-Assignment/src/butlerbot_localization) by extension 'ignore'
[10.071s] Level 1:colcon.colcon_core.package_identification:_identify(ROS-Assignment/src/butlerbot_localization) by extension 'ignore_ament_install'
[10.071s] Level 1:colcon.colcon_core.package_identification:_identify(ROS-Assignment/src/butlerbot_localization) by extensions ['colcon_pkg']
[10.071s] Level 1:colcon.colcon_core.package_identification:_identify(ROS-Assignment/src/butlerbot_localization) by extension 'colcon_pkg'
[10.071s] Level 1:colcon.colcon_core.package_identification:_identify(ROS-Assignment/src/butlerbot_localization) by extensions ['colcon_meta']
[10.071s] Level 1:colcon.colcon_core.package_identification:_identify(ROS-Assignment/src/butlerbot_localization) by extension 'colcon_meta'
[10.071s] Level 1:colcon.colcon_core.package_identification:_identify(ROS-Assignment/src/butlerbot_localization) by extensions ['ros']
[10.071s] Level 1:colcon.colcon_core.package_identification:_identify(ROS-Assignment/src/butlerbot_localization) by extension 'ros'
[10.100s] DEBUG:colcon.colcon_core.package_identification:Package 'ROS-Assignment/src/butlerbot_localization' with type 'ros.ament_cmake' and name 'butlerbot_localization'
[10.125s] Level 1:colcon.colcon_core.package_identification:_identify(ROS-Assignment/src/butlerbot_navigation) by extensions ['ignore', 'ignore_ament_install']
[10.125s] Level 1:colcon.colcon_core.package_identification:_identify(ROS-Assignment/src/butlerbot_navigation) by extension 'ignore'
[10.125s] Level 1:colcon.colcon_core.package_identification:_identify(ROS-Assignment/src/butlerbot_navigation) by extension 'ignore_ament_install'
[10.125s] Level 1:colcon.colcon_core.package_identification:_identify(ROS-Assignment/src/butlerbot_navigation) by extensions ['colcon_pkg']
[10.125s] Level 1:colcon.colcon_core.package_identification:_identify(ROS-Assignment/src/butlerbot_navigation) by extension 'colcon_pkg'
[10.125s] Level 1:colcon.colcon_core.package_identification:_identify(ROS-Assignment/src/butlerbot_navigation) by extensions ['colcon_meta']
[10.125s] Level 1:colcon.colcon_core.package_identification:_identify(ROS-Assignment/src/butlerbot_navigation) by extension 'colcon_meta'
[10.126s] Level 1:colcon.colcon_core.package_identification:_identify(ROS-Assignment/src/butlerbot_navigation) by extensions ['ros']
[10.126s] Level 1:colcon.colcon_core.package_identification:_identify(ROS-Assignment/src/butlerbot_navigation) by extension 'ros'
[10.127s] DEBUG:colcon.colcon_core.package_identification:Package 'ROS-Assignment/src/butlerbot_navigation' with type 'ros.ament_cmake' and name 'butlerbot_navigation'
[10.128s] Level 1:colcon.colcon_core.package_identification:_identify(ROS-Assignment/src/butlerbot_rmf_gazebo) by extensions ['ignore', 'ignore_ament_install']
[10.128s] Level 1:colcon.colcon_core.package_identification:_identify(ROS-Assignment/src/butlerbot_rmf_gazebo) by extension 'ignore'
[10.128s] Level 1:colcon.colcon_core.package_identification:_identify(ROS-Assignment/src/butlerbot_rmf_gazebo) by extension 'ignore_ament_install'
[10.128s] Level 1:colcon.colcon_core.package_identification:_identify(ROS-Assignment/src/butlerbot_rmf_gazebo) by extensions ['colcon_pkg']
[10.128s] Level 1:colcon.colcon_core.package_identification:_identify(ROS-Assignment/src/butlerbot_rmf_gazebo) by extension 'colcon_pkg'
[10.128s] Level 1:colcon.colcon_core.package_identification:_identify(ROS-Assignment/src/butlerbot_rmf_gazebo) by extensions ['colcon_meta']
[10.128s] Level 1:colcon.colcon_core.package_identification:_identify(ROS-Assignment/src/butlerbot_rmf_gazebo) by extension 'colcon_meta'
[10.128s] Level 1:colcon.colcon_core.package_identification:_identify(ROS-Assignment/src/butlerbot_rmf_gazebo) by extensions ['ros']
[10.128s] Level 1:colcon.colcon_core.package_identification:_identify(ROS-Assignment/src/butlerbot_rmf_gazebo) by extension 'ros'
[10.130s] DEBUG:colcon.colcon_core.package_identification:Package 'ROS-Assignment/src/butlerbot_rmf_gazebo' with type 'ros.ament_cmake' and name 'butlerbot_rmf_gazebo'
[10.143s] Level 1:colcon.colcon_core.package_identification:_identify(ROS-Assignment/src/ros2_ws) by extensions ['ignore', 'ignore_ament_install']
[10.143s] Level 1:colcon.colcon_core.package_identification:_identify(ROS-Assignment/src/ros2_ws) by extension 'ignore'
[10.143s] Level 1:colcon.colcon_core.package_identification:_identify(ROS-Assignment/src/ros2_ws) by extension 'ignore_ament_install'
[10.143s] Level 1:colcon.colcon_core.package_identification:_identify(ROS-Assignment/src/ros2_ws) by extensions ['colcon_pkg']
[10.143s] Level 1:colcon.colcon_core.package_identification:_identify(ROS-Assignment/src/ros2_ws) by extension 'colcon_pkg'
[10.143s] Level 1:colcon.colcon_core.package_identification:_identify(ROS-Assignment/src/ros2_ws) by extensions ['colcon_meta']
[10.143s] Level 1:colcon.colcon_core.package_identification:_identify(ROS-Assignment/src/ros2_ws) by extension 'colcon_meta'
[10.143s] Level 1:colcon.colcon_core.package_identification:_identify(ROS-Assignment/src/ros2_ws) by extensions ['ros']
[10.143s] Level 1:colcon.colcon_core.package_identification:_identify(ROS-Assignment/src/ros2_ws) by extension 'ros'
[10.144s] Level 1:colcon.colcon_core.package_identification:_identify(ROS-Assignment/src/ros2_ws) by extensions ['cmake', 'python']
[10.144s] Level 1:colcon.colcon_core.package_identification:_identify(ROS-Assignment/src/ros2_ws) by extension 'cmake'
[10.144s] Level 1:colcon.colcon_core.package_identification:_identify(ROS-Assignment/src/ros2_ws) by extension 'python'
[10.144s] Level 1:colcon.colcon_core.package_identification:_identify(ROS-Assignment/src/ros2_ws) by extensions ['python_setup_py']
[10.144s] Level 1:colcon.colcon_core.package_identification:_identify(ROS-Assignment/src/ros2_ws) by extension 'python_setup_py'
[10.155s] Level 1:colcon.colcon_core.package_identification:_identify(ROS-Assignment/src/ros2_ws/build) by extensions ['ignore', 'ignore_ament_install']
[10.155s] Level 1:colcon.colcon_core.package_identification:_identify(ROS-Assignment/src/ros2_ws/build) by extension 'ignore'
[10.155s] Level 1:colcon.colcon_core.package_identification:_identify(ROS-Assignment/src/ros2_ws/build) ignored
[10.224s] Level 1:colcon.colcon_core.package_identification:_identify(ROS-Assignment/src/ros2_ws/install) by extensions ['ignore', 'ignore_ament_install']
[10.224s] Level 1:colcon.colcon_core.package_identification:_identify(ROS-Assignment/src/ros2_ws/install) by extension 'ignore'
[10.225s] Level 1:colcon.colcon_core.package_identification:_identify(ROS-Assignment/src/ros2_ws/install) ignored
[10.230s] Level 1:colcon.colcon_core.package_identification:_identify(ROS-Assignment/src/ros2_ws/log) by extensions ['ignore', 'ignore_ament_install']
[10.230s] Level 1:colcon.colcon_core.package_identification:_identify(ROS-Assignment/src/ros2_ws/log) by extension 'ignore'
[10.230s] Level 1:colcon.colcon_core.package_identification:_identify(ROS-Assignment/src/ros2_ws/log) ignored
[10.243s] Level 1:colcon.colcon_core.package_identification:_identify(ROS-Assignment/src/ros2_ws/src) by extensions ['ignore', 'ignore_ament_install']
[10.243s] Level 1:colcon.colcon_core.package_identification:_identify(ROS-Assignment/src/ros2_ws/src) by extension 'ignore'
[10.244s] Level 1:colcon.colcon_core.package_identification:_identify(ROS-Assignment/src/ros2_ws/src) by extension 'ignore_ament_install'
[10.244s] Level 1:colcon.colcon_core.package_identification:_identify(ROS-Assignment/src/ros2_ws/src) by extensions ['colcon_pkg']
[10.244s] Level 1:colcon.colcon_core.package_identification:_identify(ROS-Assignment/src/ros2_ws/src) by extension 'colcon_pkg'
[10.244s] Level 1:colcon.colcon_core.package_identification:_identify(ROS-Assignment/src/ros2_ws/src) by extensions ['colcon_meta']
[10.244s] Level 1:colcon.colcon_core.package_identification:_identify(ROS-Assignment/src/ros2_ws/src) by extension 'colcon_meta'
[10.244s] Level 1:colcon.colcon_core.package_identification:_identify(ROS-Assignment/src/ros2_ws/src) by extensions ['ros']
[10.244s] Level 1:colcon.colcon_core.package_identification:_identify(ROS-Assignment/src/ros2_ws/src) by extension 'ros'
[10.244s] Level 1:colcon.colcon_core.package_identification:_identify(ROS-Assignment/src/ros2_ws/src) by extensions ['cmake', 'python']
[10.244s] Level 1:colcon.colcon_core.package_identification:_identify(ROS-Assignment/src/ros2_ws/src) by extension 'cmake'
[10.244s] Level 1:colcon.colcon_core.package_identification:_identify(ROS-Assignment/src/ros2_ws/src) by extension 'python'
[10.245s] Level 1:colcon.colcon_core.package_identification:_identify(ROS-Assignment/src/ros2_ws/src) by extensions ['python_setup_py']
[10.245s] Level 1:colcon.colcon_core.package_identification:_identify(ROS-Assignment/src/ros2_ws/src) by extension 'python_setup_py'
[10.245s] Level 1:colcon.colcon_core.package_identification:_identify(ROS-Assignment/src/ros2_ws/src/cpp_node) by extensions ['ignore', 'ignore_ament_install']
[10.245s] Level 1:colcon.colcon_core.package_identification:_identify(ROS-Assignment/src/ros2_ws/src/cpp_node) by extension 'ignore'
[10.246s] Level 1:colcon.colcon_core.package_identification:_identify(ROS-Assignment/src/ros2_ws/src/cpp_node) by extension 'ignore_ament_install'
[10.246s] Level 1:colcon.colcon_core.package_identification:_identify(ROS-Assignment/src/ros2_ws/src/cpp_node) by extensions ['colcon_pkg']
[10.246s] Level 1:colcon.colcon_core.package_identification:_identify(ROS-Assignment/src/ros2_ws/src/cpp_node) by extension 'colcon_pkg'
[10.246s] Level 1:colcon.colcon_core.package_identification:_identify(ROS-Assignment/src/ros2_ws/src/cpp_node) by extensions ['colcon_meta']
[10.246s] Level 1:colcon.colcon_core.package_identification:_identify(ROS-Assignment/src/ros2_ws/src/cpp_node) by extension 'colcon_meta'
[10.246s] Level 1:colcon.colcon_core.package_identification:_identify(ROS-Assignment/src/ros2_ws/src/cpp_node) by extensions ['ros']
[10.246s] Level 1:colcon.colcon_core.package_identification:_identify(ROS-Assignment/src/ros2_ws/src/cpp_node) by extension 'ros'
[10.249s] DEBUG:colcon.colcon_core.package_identification:Package 'ROS-Assignment/src/ros2_ws/src/cpp_node' with type 'ros.ament_cmake' and name 'cpp_node'
[10.250s] Level 1:colcon.colcon_core.package_identification:_identify(build) by extensions ['ignore', 'ignore_ament_install']
[10.250s] Level 1:colcon.colcon_core.package_identification:_identify(build) by extension 'ignore'
[10.250s] Level 1:colcon.colcon_core.package_identification:_identify(build) ignored
[10.250s] Level 1:colcon.colcon_core.package_identification:_identify(install) by extensions ['ignore', 'ignore_ament_install']
[10.250s] Level 1:colcon.colcon_core.package_identification:_identify(install) by extension 'ignore'
[10.250s] Level 1:colcon.colcon_core.package_identification:_identify(install) ignored
[10.250s] Level 1:colcon.colcon_core.package_identification:_identify(log) by extensions ['ignore', 'ignore_ament_install']
[10.251s] Level 1:colcon.colcon_core.package_identification:_identify(log) by extension 'ignore'
[10.251s] Level 1:colcon.colcon_core.package_identification:_identify(log) ignored
[10.251s] Level 1:colcon.colcon_core.package_discovery:discover_packages(recursive) using defaults
[10.251s] Level 1:colcon.colcon_core.package_discovery:discover_packages(ignore) discover
[10.251s] Level 1:colcon.colcon_core.package_discovery:discover_packages(ignore) using defaults
[10.251s] Level 1:colcon.colcon_core.package_discovery:discover_packages(path) discover
[10.251s] Level 1:colcon.colcon_core.package_discovery:discover_packages(path) using defaults
[10.651s] Level 1:colcon.colcon_core.package_discovery:discover_packages(prefix_path) check parameters
[10.651s] Level 1:colcon.colcon_core.package_discovery:discover_packages(prefix_path) discover
[10.681s] DEBUG:colcon.colcon_installed_package_information.package_discovery:Found 327 installed packages in /opt/ros/humble
[10.684s] Level 1:colcon.colcon_core.package_discovery:discover_packages(prefix_path) using defaults
[10.750s] Level 5:colcon.colcon_core.verb:set package 'butlerbot_description' build argument 'cmake_args' from command line to 'None'
[10.750s] Level 5:colcon.colcon_core.verb:set package 'butlerbot_description' build argument 'cmake_target' from command line to 'None'
[10.750s] Level 5:colcon.colcon_core.verb:set package 'butlerbot_description' build argument 'cmake_target_skip_unavailable' from command line to 'False'
[10.750s] Level 5:colcon.colcon_core.verb:set package 'butlerbot_description' build argument 'cmake_clean_cache' from command line to 'False'
[10.750s] Level 5:colcon.colcon_core.verb:set package 'butlerbot_description' build argument 'cmake_clean_first' from command line to 'False'
[10.750s] Level 5:colcon.colcon_core.verb:set package 'butlerbot_description' build argument 'cmake_force_configure' from command line to 'False'
[10.750s] Level 5:colcon.colcon_core.verb:set package 'butlerbot_description' build argument 'ament_cmake_args' from command line to 'None'
[10.750s] Level 5:colcon.colcon_core.verb:set package 'butlerbot_description' build argument 'catkin_cmake_args' from command line to 'None'
[10.750s] Level 5:colcon.colcon_core.verb:set package 'butlerbot_description' build argument 'catkin_skip_building_tests' from command line to 'False'
[10.750s] DEBUG:colcon.colcon_core.verb:Building package 'butlerbot_description' with the following arguments: {'ament_cmake_args': None, 'build_base': '/home/thedush/Waypoint_Manager/build/butlerbot_description', 'catkin_cmake_args': None, 'catkin_skip_building_tests': False, 'cmake_args': None, 'cmake_clean_cache': False, 'cmake_clean_first': False, 'cmake_force_configure': False, 'cmake_target': None, 'cmake_target_skip_unavailable': False, 'install_base': '/home/thedush/Waypoint_Manager/install/butlerbot_description', 'merge_install': False, 'path': '/home/thedush/Waypoint_Manager/ROS-Assignment/src/butlerbot_description', 'symlink_install': False, 'test_result_base': None}
[10.750s] Level 5:colcon.colcon_core.verb:set package 'butlerbot_localization' build argument 'cmake_args' from command line to 'None'
[10.750s] Level 5:colcon.colcon_core.verb:set package 'butlerbot_localization' build argument 'cmake_target' from command line to 'None'
[10.750s] Level 5:colcon.colcon_core.verb:set package 'butlerbot_localization' build argument 'cmake_target_skip_unavailable' from command line to 'False'
[10.750s] Level 5:colcon.colcon_core.verb:set package 'butlerbot_localization' build argument 'cmake_clean_cache' from command line to 'False'
[10.750s] Level 5:colcon.colcon_core.verb:set package 'butlerbot_localization' build argument 'cmake_clean_first' from command line to 'False'
[10.750s] Level 5:colcon.colcon_core.verb:set package 'butlerbot_localization' build argument 'cmake_force_configure' from command line to 'False'
[10.750s] Level 5:colcon.colcon_core.verb:set package 'butlerbot_localization' build argument 'ament_cmake_args' from command line to 'None'
[10.750s] Level 5:colcon.colcon_core.verb:set package 'butlerbot_localization' build argument 'catkin_cmake_args' from command line to 'None'
[10.750s] Level 5:colcon.colcon_core.verb:set package 'butlerbot_localization' build argument 'catkin_skip_building_tests' from command line to 'False'
[10.750s] DEBUG:colcon.colcon_core.verb:Building package 'butlerbot_localization' with the following arguments: {'ament_cmake_args': None, 'build_base': '/home/thedush/Waypoint_Manager/build/butlerbot_localization', 'catkin_cmake_args': None, 'catkin_skip_building_tests': False, 'cmake_args': None, 'cmake_clean_cache': False, 'cmake_clean_first': False, 'cmake_force_configure': False, 'cmake_target': None, 'cmake_target_skip_unavailable': False, 'install_base': '/home/thedush/Waypoint_Manager/install/butlerbot_localization', 'merge_install': False, 'path': '/home/thedush/Waypoint_Manager/ROS-Assignment/src/butlerbot_localization', 'symlink_install': False, 'test_result_base': None}
[10.751s] Level 5:colcon.colcon_core.verb:set package 'butlerbot_navigation' build argument 'cmake_args' from command line to 'None'
[10.751s] Level 5:colcon.colcon_core.verb:set package 'butlerbot_navigation' build argument 'cmake_target' from command line to 'None'
[10.751s] Level 5:colcon.colcon_core.verb:set package 'butlerbot_navigation' build argument 'cmake_target_skip_unavailable' from command line to 'False'
[10.751s] Level 5:colcon.colcon_core.verb:set package 'butlerbot_navigation' build argument 'cmake_clean_cache' from command line to 'False'
[10.751s] Level 5:colcon.colcon_core.verb:set package 'butlerbot_navigation' build argument 'cmake_clean_first' from command line to 'False'
[10.751s] Level 5:colcon.colcon_core.verb:set package 'butlerbot_navigation' build argument 'cmake_force_configure' from command line to 'False'
[10.751s] Level 5:colcon.colcon_core.verb:set package 'butlerbot_navigation' build argument 'ament_cmake_args' from command line to 'None'
[10.751s] Level 5:colcon.colcon_core.verb:set package 'butlerbot_navigation' build argument 'catkin_cmake_args' from command line to 'None'
[10.751s] Level 5:colcon.colcon_core.verb:set package 'butlerbot_navigation' build argument 'catkin_skip_building_tests' from command line to 'False'
[10.751s] DEBUG:colcon.colcon_core.verb:Building package 'butlerbot_navigation' with the following arguments: {'ament_cmake_args': None, 'build_base': '/home/thedush/Waypoint_Manager/build/butlerbot_navigation', 'catkin_cmake_args': None, 'catkin_skip_building_tests': False, 'cmake_args': None, 'cmake_clean_cache': False, 'cmake_clean_first': False, 'cmake_force_configure': False, 'cmake_target': None, 'cmake_target_skip_unavailable': False, 'install_base': '/home/thedush/Waypoint_Manager/install/butlerbot_navigation', 'merge_install': False, 'path': '/home/thedush/Waypoint_Manager/ROS-Assignment/src/butlerbot_navigation', 'symlink_install': False, 'test_result_base': None}
[10.751s] Level 5:colcon.colcon_core.verb:set package 'butlerbot_rmf_gazebo' build argument 'cmake_args' from command line to 'None'
[10.751s] Level 5:colcon.colcon_core.verb:set package 'butlerbot_rmf_gazebo' build argument 'cmake_target' from command line to 'None'
[10.751s] Level 5:colcon.colcon_core.verb:set package 'butlerbot_rmf_gazebo' build argument 'cmake_target_skip_unavailable' from command line to 'False'
[10.751s] Level 5:colcon.colcon_core.verb:set package 'butlerbot_rmf_gazebo' build argument 'cmake_clean_cache' from command line to 'False'
[10.751s] Level 5:colcon.colcon_core.verb:set package 'butlerbot_rmf_gazebo' build argument 'cmake_clean_first' from command line to 'False'
[10.751s] Level 5:colcon.colcon_core.verb:set package 'butlerbot_rmf_gazebo' build argument 'cmake_force_configure' from command line to 'False'
[10.751s] Level 5:colcon.colcon_core.verb:set package 'butlerbot_rmf_gazebo' build argument 'ament_cmake_args' from command line to 'None'
[10.751s] Level 5:colcon.colcon_core.verb:set package 'butlerbot_rmf_gazebo' build argument 'catkin_cmake_args' from command line to 'None'
[10.751s] Level 5:colcon.colcon_core.verb:set package 'butlerbot_rmf_gazebo' build argument 'catkin_skip_building_tests' from command line to 'False'
[10.751s] DEBUG:colcon.colcon_core.verb:Building package 'butlerbot_rmf_gazebo' with the following arguments: {'ament_cmake_args': None, 'build_base': '/home/thedush/Waypoint_Manager/build/butlerbot_rmf_gazebo', 'catkin_cmake_args': None, 'catkin_skip_building_tests': False, 'cmake_args': None, 'cmake_clean_cache': False, 'cmake_clean_first': False, 'cmake_force_configure': False, 'cmake_target': None, 'cmake_target_skip_unavailable': False, 'install_base': '/home/thedush/Waypoint_Manager/install/butlerbot_rmf_gazebo', 'merge_install': False, 'path': '/home/thedush/Waypoint_Manager/ROS-Assignment/src/butlerbot_rmf_gazebo', 'symlink_install': False, 'test_result_base': None}
[10.751s] Level 5:colcon.colcon_core.verb:set package 'cpp_node' build argument 'cmake_args' from command line to 'None'
[10.751s] Level 5:colcon.colcon_core.verb:set package 'cpp_node' build argument 'cmake_target' from command line to 'None'
[10.751s] Level 5:colcon.colcon_core.verb:set package 'cpp_node' build argument 'cmake_target_skip_unavailable' from command line to 'False'
[10.751s] Level 5:colcon.colcon_core.verb:set package 'cpp_node' build argument 'cmake_clean_cache' from command line to 'False'
[10.751s] Level 5:colcon.colcon_core.verb:set package 'cpp_node' build argument 'cmake_clean_first' from command line to 'False'
[10.751s] Level 5:colcon.colcon_core.verb:set package 'cpp_node' build argument 'cmake_force_configure' from command line to 'False'
[10.751s] Level 5:colcon.colcon_core.verb:set package 'cpp_node' build argument 'ament_cmake_args' from command line to 'None'
[10.751s] Level 5:colcon.colcon_core.verb:set package 'cpp_node' build argument 'catkin_cmake_args' from command line to 'None'
[10.751s] Level 5:colcon.colcon_core.verb:set package 'cpp_node' build argument 'catkin_skip_building_tests' from command line to 'False'
[10.751s] DEBUG:colcon.colcon_core.verb:Building package 'cpp_node' with the following arguments: {'ament_cmake_args': None, 'build_base': '/home/thedush/Waypoint_Manager/build/cpp_node', 'catkin_cmake_args': None, 'catkin_skip_building_tests': False, 'cmake_args': None, 'cmake_clean_cache': False, 'cmake_clean_first': False, 'cmake_force_configure': False, 'cmake_target': None, 'cmake_target_skip_unavailable': False, 'install_base': '/home/thedush/Waypoint_Manager/install/cpp_node', 'merge_install': False, 'path': '/home/thedush/Waypoint_Manager/ROS-Assignment/src/ros2_ws/src/cpp_node', 'symlink_install': False, 'test_result_base': None}
[10.752s] Level 5:colcon.colcon_core.verb:set package 'butlerbot_gazebo' build argument 'cmake_args' from command line to 'None'
[10.752s] Level 5:colcon.colcon_core.verb:set package 'butlerbot_gazebo' build argument 'cmake_target' from command line to 'None'
[10.752s] Level 5:colcon.colcon_core.verb:set package 'butlerbot_gazebo' build argument 'cmake_target_skip_unavailable' from command line to 'False'
[10.752s] Level 5:colcon.colcon_core.verb:set package 'butlerbot_gazebo' build argument 'cmake_clean_cache' from command line to 'False'
[10.752s] Level 5:colcon.colcon_core.verb:set package 'butlerbot_gazebo' build argument 'cmake_clean_first' from command line to 'False'
[10.752s] Level 5:colcon.colcon_core.verb:set package 'butlerbot_gazebo' build argument 'cmake_force_configure' from command line to 'False'
[10.752s] Level 5:colcon.colcon_core.verb:set package 'butlerbot_gazebo' build argument 'ament_cmake_args' from command line to 'None'
[10.752s] Level 5:colcon.colcon_core.verb:set package 'butlerbot_gazebo' build argument 'catkin_cmake_args' from command line to 'None'
[10.752s] Level 5:colcon.colcon_core.verb:set package 'butlerbot_gazebo' build argument 'catkin_skip_building_tests' from command line to 'False'
[10.752s] DEBUG:colcon.colcon_core.verb:Building package 'butlerbot_gazebo' with the following arguments: {'ament_cmake_args': None, 'build_base': '/home/thedush/Waypoint_Manager/build/butlerbot_gazebo', 'catkin_cmake_args': None, 'catkin_skip_building_tests': False, 'cmake_args': None, 'cmake_clean_cache': False, 'cmake_clean_first': False, 'cmake_force_configure': False, 'cmake_target': None, 'cmake_target_skip_unavailable': False, 'install_base': '/home/thedush/Waypoint_Manager/install/butlerbot_gazebo', 'merge_install': False, 'path': '/home/thedush/Waypoint_Manager/ROS-Assignment/src/butlerbot_gazebo', 'symlink_install': False, 'test_result_base': None}
[10.752s] INFO:colcon.colcon_core.executor:Executing jobs using 'parallel' executor
[10.753s] DEBUG:colcon.colcon_parallel_executor.executor.parallel:run_until_complete
[10.753s] INFO:colcon.colcon_ros.task.ament_cmake.build:Building ROS package in '/home/thedush/Waypoint_Manager/ROS-Assignment/src/butlerbot_description' with build type 'ament_cmake'
[10.753s] INFO:colcon.colcon_cmake.task.cmake.build:Building CMake package in '/home/thedush/Waypoint_Manager/ROS-Assignment/src/butlerbot_description'
[10.820s] INFO:colcon.colcon_core.plugin_system:Skipping extension 'colcon_core.shell.bat': Not used on non-Windows systems
[10.820s] INFO:colcon.colcon_core.shell:Skip shell extension 'powershell' for command environment: Not usable outside of PowerShell
[10.820s] DEBUG:colcon.colcon_core.shell:Skip shell extension 'dsv' for command environment
[10.839s] INFO:colcon.colcon_ros.task.ament_cmake.build:Building ROS package in '/home/thedush/Waypoint_Manager/ROS-Assignment/src/butlerbot_localization' with build type 'ament_cmake'
[10.839s] INFO:colcon.colcon_cmake.task.cmake.build:Building CMake package in '/home/thedush/Waypoint_Manager/ROS-Assignment/src/butlerbot_localization'
[10.839s] INFO:colcon.colcon_core.shell:Skip shell extension 'powershell' for command environment: Not usable outside of PowerShell
[10.839s] DEBUG:colcon.colcon_core.shell:Skip shell extension 'dsv' for command environment
[10.844s] INFO:colcon.colcon_ros.task.ament_cmake.build:Building ROS package in '/home/thedush/Waypoint_Manager/ROS-Assignment/src/butlerbot_navigation' with build type 'ament_cmake'
[10.844s] INFO:colcon.colcon_cmake.task.cmake.build:Building CMake package in '/home/thedush/Waypoint_Manager/ROS-Assignment/src/butlerbot_navigation'
[10.844s] INFO:colcon.colcon_core.shell:Skip shell extension 'powershell' for command environment: Not usable outside of PowerShell
[10.844s] DEBUG:colcon.colcon_core.shell:Skip shell extension 'dsv' for command environment
[10.848s] INFO:colcon.colcon_ros.task.ament_cmake.build:Building ROS package in '/home/thedush/Waypoint_Manager/ROS-Assignment/src/butlerbot_rmf_gazebo' with build type 'ament_cmake'
[10.848s] INFO:colcon.colcon_cmake.task.cmake.build:Building CMake package in '/home/thedush/Waypoint_Manager/ROS-Assignment/src/butlerbot_rmf_gazebo'
[10.849s] INFO:colcon.colcon_core.shell:Skip shell extension 'powershell' for command environment: Not usable outside of PowerShell
[10.849s] DEBUG:colcon.colcon_core.shell:Skip shell extension 'dsv' for command environment
[10.853s] INFO:colcon.colcon_ros.task.ament_cmake.build:Building ROS package in '/home/thedush/Waypoint_Manager/ROS-Assignment/src/ros2_ws/src/cpp_node' with build type 'ament_cmake'
[10.854s] INFO:colcon.colcon_cmake.task.cmake.build:Building CMake package in '/home/thedush/Waypoint_Manager/ROS-Assignment/src/ros2_ws/src/cpp_node'
[10.854s] INFO:colcon.colcon_core.shell:Skip shell extension 'powershell' for command environment: Not usable outside of PowerShell
[10.854s] DEBUG:colcon.colcon_core.shell:Skip shell extension 'dsv' for command environment
[10.859s] DEBUG:colcon.colcon_core.event_handler.log_command:Invoking command in '/home/thedush/Waypoint_Manager/build/butlerbot_description': CMAKE_PREFIX_PATH=/opt/ros/humble /usr/bin/cmake /home/thedush/Waypoint_Manager/ROS-Assignment/src/butlerbot_description -DCMAKE_INSTALL_PREFIX=/home/thedush/Waypoint_Manager/install/butlerbot_description
[10.896s] DEBUG:colcon.colcon_core.event_handler.log_command:Invoking command in '/home/thedush/Waypoint_Manager/build/butlerbot_localization': CMAKE_PREFIX_PATH=/opt/ros/humble /usr/bin/cmake /home/thedush/Waypoint_Manager/ROS-Assignment/src/butlerbot_localization -DCMAKE_INSTALL_PREFIX=/home/thedush/Waypoint_Manager/install/butlerbot_localization
[10.898s] DEBUG:colcon.colcon_core.event_handler.log_command:Invoking command in '/home/thedush/Waypoint_Manager/build/butlerbot_navigation': CMAKE_PREFIX_PATH=/opt/ros/humble /usr/bin/cmake /home/thedush/Waypoint_Manager/ROS-Assignment/src/butlerbot_navigation -DCMAKE_INSTALL_PREFIX=/home/thedush/Waypoint_Manager/install/butlerbot_navigation
[10.901s] DEBUG:colcon.colcon_core.event_handler.log_command:Invoking command in '/home/thedush/Waypoint_Manager/build/butlerbot_rmf_gazebo': CMAKE_PREFIX_PATH=/opt/ros/humble /usr/bin/cmake /home/thedush/Waypoint_Manager/ROS-Assignment/src/butlerbot_rmf_gazebo -DCMAKE_INSTALL_PREFIX=/home/thedush/Waypoint_Manager/install/butlerbot_rmf_gazebo
[10.906s] DEBUG:colcon.colcon_core.event_handler.log_command:Invoking command in '/home/thedush/Waypoint_Manager/build/cpp_node': CMAKE_PREFIX_PATH=/opt/ros/humble /usr/bin/cmake /home/thedush/Waypoint_Manager/ROS-Assignment/src/ros2_ws/src/cpp_node -DCMAKE_INSTALL_PREFIX=/home/thedush/Waypoint_Manager/install/cpp_node
[14.882s] DEBUG:colcon.colcon_core.event_handler.log_command:Invoked command in '/home/thedush/Waypoint_Manager/build/butlerbot_navigation' returned '0': CMAKE_PREFIX_PATH=/opt/ros/humble /usr/bin/cmake /home/thedush/Waypoint_Manager/ROS-Assignment/src/butlerbot_navigation -DCMAKE_INSTALL_PREFIX=/home/thedush/Waypoint_Manager/install/butlerbot_navigation
[14.885s] DEBUG:colcon.colcon_core.event_handler.log_command:Invoking command in '/home/thedush/Waypoint_Manager/build/butlerbot_navigation': CMAKE_PREFIX_PATH=/opt/ros/humble /usr/bin/cmake --build /home/thedush/Waypoint_Manager/build/butlerbot_navigation -- -j8 -l8
[14.886s] DEBUG:colcon.colcon_core.event_handler.log_command:Invoked command in '/home/thedush/Waypoint_Manager/build/butlerbot_localization' returned '0': CMAKE_PREFIX_PATH=/opt/ros/humble /usr/bin/cmake /home/thedush/Waypoint_Manager/ROS-Assignment/src/butlerbot_localization -DCMAKE_INSTALL_PREFIX=/home/thedush/Waypoint_Manager/install/butlerbot_localization
[14.888s] DEBUG:colcon.colcon_core.event_handler.log_command:Invoking command in '/home/thedush/Waypoint_Manager/build/butlerbot_localization': CMAKE_PREFIX_PATH=/opt/ros/humble /usr/bin/cmake --build /home/thedush/Waypoint_Manager/build/butlerbot_localization -- -j8 -l8
[14.917s] DEBUG:colcon.colcon_core.event_handler.log_command:Invoked command in '/home/thedush/Waypoint_Manager/build/butlerbot_rmf_gazebo' returned '0': CMAKE_PREFIX_PATH=/opt/ros/humble /usr/bin/cmake /home/thedush/Waypoint_Manager/ROS-Assignment/src/butlerbot_rmf_gazebo -DCMAKE_INSTALL_PREFIX=/home/thedush/Waypoint_Manager/install/butlerbot_rmf_gazebo
[14.920s] DEBUG:colcon.colcon_core.event_handler.log_command:Invoking command in '/home/thedush/Waypoint_Manager/build/butlerbot_rmf_gazebo': CMAKE_PREFIX_PATH=/opt/ros/humble /usr/bin/cmake --build /home/thedush/Waypoint_Manager/build/butlerbot_rmf_gazebo -- -j8 -l8
[14.937s] DEBUG:colcon.colcon_core.event_handler.log_command:Invoked command in '/home/thedush/Waypoint_Manager/build/butlerbot_navigation' returned '0': CMAKE_PREFIX_PATH=/opt/ros/humble /usr/bin/cmake --build /home/thedush/Waypoint_Manager/build/butlerbot_navigation -- -j8 -l8
[14.951s] DEBUG:colcon.colcon_core.event_handler.log_command:Invoking command in '/home/thedush/Waypoint_Manager/build/butlerbot_navigation': CMAKE_PREFIX_PATH=/opt/ros/humble /usr/bin/cmake --install /home/thedush/Waypoint_Manager/build/butlerbot_navigation
[14.953s] DEBUG:colcon.colcon_core.event_handler.log_command:Invoked command in '/home/thedush/Waypoint_Manager/build/butlerbot_localization' returned '0': CMAKE_PREFIX_PATH=/opt/ros/humble /usr/bin/cmake --build /home/thedush/Waypoint_Manager/build/butlerbot_localization -- -j8 -l8
[14.955s] DEBUG:colcon.colcon_core.event_handler.log_command:Invoking command in '/home/thedush/Waypoint_Manager/build/butlerbot_localization': CMAKE_PREFIX_PATH=/opt/ros/humble /usr/bin/cmake --install /home/thedush/Waypoint_Manager/build/butlerbot_localization
[15.046s] DEBUG:colcon.colcon_core.event_handler.log_command:Invoked command in '/home/thedush/Waypoint_Manager/build/butlerbot_description' returned '0': CMAKE_PREFIX_PATH=/opt/ros/humble /usr/bin/cmake /home/thedush/Waypoint_Manager/ROS-Assignment/src/butlerbot_description -DCMAKE_INSTALL_PREFIX=/home/thedush/Waypoint_Manager/install/butlerbot_description
[15.047s] DEBUG:colcon.colcon_core.event_handler.log_command:Invoking command in '/home/thedush/Waypoint_Manager/build/butlerbot_description': CMAKE_PREFIX_PATH=/opt/ros/humble /usr/bin/cmake --build /home/thedush/Waypoint_Manager/build/butlerbot_description -- -j8 -l8
[15.073s] DEBUG:colcon.colcon_core.event_handler.log_command:Invoked command in '/home/thedush/Waypoint_Manager/build/butlerbot_description' returned '0': CMAKE_PREFIX_PATH=/opt/ros/humble /usr/bin/cmake --build /home/thedush/Waypoint_Manager/build/butlerbot_description -- -j8 -l8
[15.074s] DEBUG:colcon.colcon_core.event_handler.log_command:Invoking command in '/home/thedush/Waypoint_Manager/build/butlerbot_description': CMAKE_PREFIX_PATH=/opt/ros/humble /usr/bin/cmake --install /home/thedush/Waypoint_Manager/build/butlerbot_description
[15.175s] Level 1:colcon.colcon_core.environment:create_environment_scripts_only(butlerbot_navigation)
[15.176s] DEBUG:colcon.colcon_core.event_handler.log_command:Invoked command in '/home/thedush/Waypoint_Manager/build/butlerbot_navigation' returned '0': CMAKE_PREFIX_PATH=/opt/ros/humble /usr/bin/cmake --install /home/thedush/Waypoint_Manager/build/butlerbot_navigation
[15.455s] Level 1:colcon.colcon_core.environment:checking '/home/thedush/Waypoint_Manager/install/butlerbot_navigation' for CMake module files
[15.456s] Level 1:colcon.colcon_core.environment:checking '/home/thedush/Waypoint_Manager/install/butlerbot_navigation' for CMake config files
[15.457s] Level 1:colcon.colcon_core.shell:create_environment_hook('butlerbot_navigation', 'cmake_prefix_path')
[15.457s] INFO:colcon.colcon_core.shell:Creating environment hook '/home/thedush/Waypoint_Manager/install/butlerbot_navigation/share/butlerbot_navigation/hook/cmake_prefix_path.ps1'
[15.466s] INFO:colcon.colcon_core.shell:Creating environment descriptor '/home/thedush/Waypoint_Manager/install/butlerbot_navigation/share/butlerbot_navigation/hook/cmake_prefix_path.dsv'
[15.504s] INFO:colcon.colcon_core.shell:Creating environment hook '/home/thedush/Waypoint_Manager/install/butlerbot_navigation/share/butlerbot_navigation/hook/cmake_prefix_path.sh'
[15.527s] Level 1:colcon.colcon_core.environment:checking '/home/thedush/Waypoint_Manager/install/butlerbot_navigation/bin'
[15.527s] Level 1:colcon.colcon_core.environment:checking '/home/thedush/Waypoint_Manager/install/butlerbot_navigation/lib/pkgconfig/butlerbot_navigation.pc'
[15.528s] Level 1:colcon.colcon_core.environment:checking '/home/thedush/Waypoint_Manager/install/butlerbot_navigation/lib/python3.10/site-packages'
[15.528s] Level 1:colcon.colcon_core.environment:checking '/home/thedush/Waypoint_Manager/install/butlerbot_navigation/bin'
[15.528s] INFO:colcon.colcon_core.shell:Creating package script '/home/thedush/Waypoint_Manager/install/butlerbot_navigation/share/butlerbot_navigation/package.ps1'
[15.530s] INFO:colcon.colcon_core.shell:Creating package descriptor '/home/thedush/Waypoint_Manager/install/butlerbot_navigation/share/butlerbot_navigation/package.dsv'
[15.531s] INFO:colcon.colcon_core.shell:Creating package script '/home/thedush/Waypoint_Manager/install/butlerbot_navigation/share/butlerbot_navigation/package.sh'
[15.533s] INFO:colcon.colcon_core.shell:Creating package script '/home/thedush/Waypoint_Manager/install/butlerbot_navigation/share/butlerbot_navigation/package.bash'
[15.551s] INFO:colcon.colcon_core.shell:Creating package script '/home/thedush/Waypoint_Manager/install/butlerbot_navigation/share/butlerbot_navigation/package.zsh'
[15.589s] Level 1:colcon.colcon_core.environment:create_file_with_runtime_dependencies(/home/thedush/Waypoint_Manager/install/butlerbot_navigation/share/colcon-core/packages/butlerbot_navigation)
[15.590s] Level 1:colcon.colcon_core.environment:create_environment_scripts_only(butlerbot_navigation)
[15.590s] Level 1:colcon.colcon_core.environment:checking '/home/thedush/Waypoint_Manager/install/butlerbot_navigation' for CMake module files
[15.591s] Level 1:colcon.colcon_core.environment:checking '/home/thedush/Waypoint_Manager/install/butlerbot_navigation' for CMake config files
[15.591s] Level 1:colcon.colcon_core.shell:create_environment_hook('butlerbot_navigation', 'cmake_prefix_path')
[15.591s] INFO:colcon.colcon_core.shell:Creating environment hook '/home/thedush/Waypoint_Manager/install/butlerbot_navigation/share/butlerbot_navigation/hook/cmake_prefix_path.ps1'
[15.592s] INFO:colcon.colcon_core.shell:Creating environment descriptor '/home/thedush/Waypoint_Manager/install/butlerbot_navigation/share/butlerbot_navigation/hook/cmake_prefix_path.dsv'
[15.592s] INFO:colcon.colcon_core.shell:Creating environment hook '/home/thedush/Waypoint_Manager/install/butlerbot_navigation/share/butlerbot_navigation/hook/cmake_prefix_path.sh'
[15.593s] Level 1:colcon.colcon_core.environment:checking '/home/thedush/Waypoint_Manager/install/butlerbot_navigation/bin'
[15.593s] Level 1:colcon.colcon_core.environment:checking '/home/thedush/Waypoint_Manager/install/butlerbot_navigation/lib/pkgconfig/butlerbot_navigation.pc'
[15.594s] Level 1:colcon.colcon_core.environment:checking '/home/thedush/Waypoint_Manager/install/butlerbot_navigation/lib/python3.10/site-packages'
[15.594s] Level 1:colcon.colcon_core.environment:checking '/home/thedush/Waypoint_Manager/install/butlerbot_navigation/bin'
[15.594s] INFO:colcon.colcon_core.shell:Creating package script '/home/thedush/Waypoint_Manager/install/butlerbot_navigation/share/butlerbot_navigation/package.ps1'
[15.595s] INFO:colcon.colcon_core.shell:Creating package descriptor '/home/thedush/Waypoint_Manager/install/butlerbot_navigation/share/butlerbot_navigation/package.dsv'
[15.596s] INFO:colcon.colcon_core.shell:Creating package script '/home/thedush/Waypoint_Manager/install/butlerbot_navigation/share/butlerbot_navigation/package.sh'
[15.596s] INFO:colcon.colcon_core.shell:Creating package script '/home/thedush/Waypoint_Manager/install/butlerbot_navigation/share/butlerbot_navigation/package.bash'
[15.597s] INFO:colcon.colcon_core.shell:Creating package script '/home/thedush/Waypoint_Manager/install/butlerbot_navigation/share/butlerbot_navigation/package.zsh'
[15.598s] Level 1:colcon.colcon_core.environment:create_file_with_runtime_dependencies(/home/thedush/Waypoint_Manager/install/butlerbot_navigation/share/colcon-core/packages/butlerbot_navigation)
[16.932s] Level 1:colcon.colcon_core.environment:create_environment_scripts_only(butlerbot_localization)
[16.933s] Level 1:colcon.colcon_core.environment:checking '/home/thedush/Waypoint_Manager/install/butlerbot_localization' for CMake module files
[16.933s] DEBUG:colcon.colcon_core.event_handler.log_command:Invoked command in '/home/thedush/Waypoint_Manager/build/butlerbot_localization' returned '0': CMAKE_PREFIX_PATH=/opt/ros/humble /usr/bin/cmake --install /home/thedush/Waypoint_Manager/build/butlerbot_localization
[16.934s] Level 1:colcon.colcon_core.environment:checking '/home/thedush/Waypoint_Manager/install/butlerbot_localization' for CMake config files
[16.934s] Level 1:colcon.colcon_core.shell:create_environment_hook('butlerbot_localization', 'cmake_prefix_path')
[16.935s] INFO:colcon.colcon_core.shell:Creating environment hook '/home/thedush/Waypoint_Manager/install/butlerbot_localization/share/butlerbot_localization/hook/cmake_prefix_path.ps1'
[16.935s] INFO:colcon.colcon_core.shell:Creating environment descriptor '/home/thedush/Waypoint_Manager/install/butlerbot_localization/share/butlerbot_localization/hook/cmake_prefix_path.dsv'
[16.936s] INFO:colcon.colcon_core.shell:Creating environment hook '/home/thedush/Waypoint_Manager/install/butlerbot_localization/share/butlerbot_localization/hook/cmake_prefix_path.sh'
[16.936s] Level 1:colcon.colcon_core.environment:checking '/home/thedush/Waypoint_Manager/install/butlerbot_localization/bin'
[16.937s] Level 1:colcon.colcon_core.environment:checking '/home/thedush/Waypoint_Manager/install/butlerbot_localization/lib/pkgconfig/butlerbot_localization.pc'
[16.937s] Level 1:colcon.colcon_core.environment:checking '/home/thedush/Waypoint_Manager/install/butlerbot_localization/lib/python3.10/site-packages'
[16.937s] Level 1:colcon.colcon_core.environment:checking '/home/thedush/Waypoint_Manager/install/butlerbot_localization/bin'
[16.938s] INFO:colcon.colcon_core.shell:Creating package script '/home/thedush/Waypoint_Manager/install/butlerbot_localization/share/butlerbot_localization/package.ps1'
[16.938s] INFO:colcon.colcon_core.shell:Creating package descriptor '/home/thedush/Waypoint_Manager/install/butlerbot_localization/share/butlerbot_localization/package.dsv'
[16.939s] INFO:colcon.colcon_core.shell:Creating package script '/home/thedush/Waypoint_Manager/install/butlerbot_localization/share/butlerbot_localization/package.sh'
[16.939s] INFO:colcon.colcon_core.shell:Creating package script '/home/thedush/Waypoint_Manager/install/butlerbot_localization/share/butlerbot_localization/package.bash'
[16.940s] INFO:colcon.colcon_core.shell:Creating package script '/home/thedush/Waypoint_Manager/install/butlerbot_localization/share/butlerbot_localization/package.zsh'
[16.940s] Level 1:colcon.colcon_core.environment:create_file_with_runtime_dependencies(/home/thedush/Waypoint_Manager/install/butlerbot_localization/share/colcon-core/packages/butlerbot_localization)
[16.940s] Level 1:colcon.colcon_core.environment:create_environment_scripts_only(butlerbot_localization)
[16.940s] Level 1:colcon.colcon_core.environment:checking '/home/thedush/Waypoint_Manager/install/butlerbot_localization' for CMake module files
[16.941s] Level 1:colcon.colcon_core.environment:checking '/home/thedush/Waypoint_Manager/install/butlerbot_localization' for CMake config files
[16.941s] Level 1:colcon.colcon_core.shell:create_environment_hook('butlerbot_localization', 'cmake_prefix_path')
[16.941s] INFO:colcon.colcon_core.shell:Creating environment hook '/home/thedush/Waypoint_Manager/install/butlerbot_localization/share/butlerbot_localization/hook/cmake_prefix_path.ps1'
[16.941s] INFO:colcon.colcon_core.shell:Creating environment descriptor '/home/thedush/Waypoint_Manager/install/butlerbot_localization/share/butlerbot_localization/hook/cmake_prefix_path.dsv'
[16.941s] INFO:colcon.colcon_core.shell:Creating environment hook '/home/thedush/Waypoint_Manager/install/butlerbot_localization/share/butlerbot_localization/hook/cmake_prefix_path.sh'
[16.942s] Level 1:colcon.colcon_core.environment:checking '/home/thedush/Waypoint_Manager/install/butlerbot_localization/bin'
[16.942s] Level 1:colcon.colcon_core.environment:checking '/home/thedush/Waypoint_Manager/install/butlerbot_localization/lib/pkgconfig/butlerbot_localization.pc'
[16.942s] Level 1:colcon.colcon_core.environment:checking '/home/thedush/Waypoint_Manager/install/butlerbot_localization/lib/python3.10/site-packages'
[16.942s] Level 1:colcon.colcon_core.environment:checking '/home/thedush/Waypoint_Manager/install/butlerbot_localization/bin'
[16.942s] INFO:colcon.colcon_core.shell:Creating package script '/home/thedush/Waypoint_Manager/install/butlerbot_localization/share/butlerbot_localization/package.ps1'
[16.943s] INFO:colcon.colcon_core.shell:Creating package descriptor '/home/thedush/Waypoint_Manager/install/butlerbot_localization/share/butlerbot_localization/package.dsv'
[16.943s] INFO:colcon.colcon_core.shell:Creating package script '/home/thedush/Waypoint_Manager/install/butlerbot_localization/share/butlerbot_localization/package.sh'
[16.943s] INFO:colcon.colcon_core.shell:Creating package script '/home/thedush/Waypoint_Manager/install/butlerbot_localization/share/butlerbot_localization/package.bash'
[16.944s] INFO:colcon.colcon_core.shell:Creating package script '/home/thedush/Waypoint_Manager/install/butlerbot_localization/share/butlerbot_localization/package.zsh'
[16.944s] Level 1:colcon.colcon_core.environment:create_file_with_runtime_dependencies(/home/thedush/Waypoint_Manager/install/butlerbot_localization/share/colcon-core/packages/butlerbot_localization)
[25.239s] DEBUG:colcon.colcon_core.event_handler.log_command:Invoked command in '/home/thedush/Waypoint_Manager/build/cpp_node' returned '0': CMAKE_PREFIX_PATH=/opt/ros/humble /usr/bin/cmake /home/thedush/Waypoint_Manager/ROS-Assignment/src/ros2_ws/src/cpp_node -DCMAKE_INSTALL_PREFIX=/home/thedush/Waypoint_Manager/install/cpp_node
[25.240s] DEBUG:colcon.colcon_core.event_handler.log_command:Invoking command in '/home/thedush/Waypoint_Manager/build/cpp_node': CMAKE_PREFIX_PATH=/opt/ros/humble /usr/bin/cmake --build /home/thedush/Waypoint_Manager/build/cpp_node -- -j8 -l8
[36.352s] Level 1:colcon.colcon_core.environment:create_environment_scripts_only(butlerbot_description)
[36.352s] Level 1:colcon.colcon_core.environment:checking '/home/thedush/Waypoint_Manager/install/butlerbot_description' for CMake module files
[36.353s] DEBUG:colcon.colcon_core.event_handler.log_command:Invoked command in '/home/thedush/Waypoint_Manager/build/butlerbot_description' returned '0': CMAKE_PREFIX_PATH=/opt/ros/humble /usr/bin/cmake --install /home/thedush/Waypoint_Manager/build/butlerbot_description
[36.353s] Level 1:colcon.colcon_core.environment:checking '/home/thedush/Waypoint_Manager/install/butlerbot_description' for CMake config files
[36.354s] Level 1:colcon.colcon_core.shell:create_environment_hook('butlerbot_description', 'cmake_prefix_path')
[36.354s] INFO:colcon.colcon_core.shell:Creating environment hook '/home/thedush/Waypoint_Manager/install/butlerbot_description/share/butlerbot_description/hook/cmake_prefix_path.ps1'
[36.354s] INFO:colcon.colcon_core.shell:Creating environment descriptor '/home/thedush/Waypoint_Manager/install/butlerbot_description/share/butlerbot_description/hook/cmake_prefix_path.dsv'
[36.355s] INFO:colcon.colcon_core.shell:Creating environment hook '/home/thedush/Waypoint_Manager/install/butlerbot_description/share/butlerbot_description/hook/cmake_prefix_path.sh'
[36.355s] Level 1:colcon.colcon_core.environment:checking '/home/thedush/Waypoint_Manager/install/butlerbot_description/bin'
[36.355s] Level 1:colcon.colcon_core.environment:checking '/home/thedush/Waypoint_Manager/install/butlerbot_description/lib/pkgconfig/butlerbot_description.pc'
[36.355s] Level 1:colcon.colcon_core.environment:checking '/home/thedush/Waypoint_Manager/install/butlerbot_description/lib/python3.10/site-packages'
[36.355s] Level 1:colcon.colcon_core.environment:checking '/home/thedush/Waypoint_Manager/install/butlerbot_description/bin'
[36.355s] INFO:colcon.colcon_core.shell:Creating package script '/home/thedush/Waypoint_Manager/install/butlerbot_description/share/butlerbot_description/package.ps1'
[36.356s] INFO:colcon.colcon_core.shell:Creating package descriptor '/home/thedush/Waypoint_Manager/install/butlerbot_description/share/butlerbot_description/package.dsv'
[36.356s] INFO:colcon.colcon_core.shell:Creating package script '/home/thedush/Waypoint_Manager/install/butlerbot_description/share/butlerbot_description/package.sh'
[36.356s] INFO:colcon.colcon_core.shell:Creating package script '/home/thedush/Waypoint_Manager/install/butlerbot_description/share/butlerbot_description/package.bash'
[36.356s] INFO:colcon.colcon_core.shell:Creating package script '/home/thedush/Waypoint_Manager/install/butlerbot_description/share/butlerbot_description/package.zsh'
[36.357s] Level 1:colcon.colcon_core.environment:create_file_with_runtime_dependencies(/home/thedush/Waypoint_Manager/install/butlerbot_description/share/colcon-core/packages/butlerbot_description)
[36.357s] Level 1:colcon.colcon_core.environment:create_environment_scripts_only(butlerbot_description)
[36.357s] Level 1:colcon.colcon_core.environment:checking '/home/thedush/Waypoint_Manager/install/butlerbot_description' for CMake module files
[36.358s] Level 1:colcon.colcon_core.environment:checking '/home/thedush/Waypoint_Manager/install/butlerbot_description' for CMake config files
[36.358s] Level 1:colcon.colcon_core.shell:create_environment_hook('butlerbot_description', 'cmake_prefix_path')
[36.358s] INFO:colcon.colcon_core.shell:Creating environment hook '/home/thedush/Waypoint_Manager/install/butlerbot_description/share/butlerbot_description/hook/cmake_prefix_path.ps1'
[36.358s] INFO:colcon.colcon_core.shell:Creating environment descriptor '/home/thedush/Waypoint_Manager/install/butlerbot_description/share/butlerbot_description/hook/cmake_prefix_path.dsv'
[36.359s] INFO:colcon.colcon_core.shell:Creating environment hook '/home/thedush/Waypoint_Manager/install/butlerbot_description/share/butlerbot_description/hook/cmake_prefix_path.sh'
[36.359s] Level 1:colcon.colcon_core.environment:checking '/home/thedush/Waypoint_Manager/install/butlerbot_description/bin'
[36.359s] Level 1:colcon.colcon_core.environment:checking '/home/thedush/Waypoint_Manager/install/butlerbot_description/lib/pkgconfig/butlerbot_description.pc'
[36.359s] Level 1:colcon.colcon_core.environment:checking '/home/thedush/Waypoint_Manager/install/butlerbot_description/lib/python3.10/site-packages'
[36.359s] Level 1:colcon.colcon_core.environment:checking '/home/thedush/Waypoint_Manager/install/butlerbot_description/bin'
[36.359s] INFO:colcon.colcon_core.shell:Creating package script '/home/thedush/Waypoint_Manager/install/butlerbot_description/share/butlerbot_description/package.ps1'
[36.360s] INFO:colcon.colcon_core.shell:Creating package descriptor '/home/thedush/Waypoint_Manager/install/butlerbot_description/share/butlerbot_description/package.dsv'
[36.360s] INFO:colcon.colcon_core.shell:Creating package script '/home/thedush/Waypoint_Manager/install/butlerbot_description/share/butlerbot_description/package.sh'
[36.360s] INFO:colcon.colcon_core.shell:Creating package script '/home/thedush/Waypoint_Manager/install/butlerbot_description/share/butlerbot_description/package.bash'
[36.361s] INFO:colcon.colcon_core.shell:Creating package script '/home/thedush/Waypoint_Manager/install/butlerbot_description/share/butlerbot_description/package.zsh'
[36.361s] Level 1:colcon.colcon_core.environment:create_file_with_runtime_dependencies(/home/thedush/Waypoint_Manager/install/butlerbot_description/share/colcon-core/packages/butlerbot_description)
[36.361s] INFO:colcon.colcon_ros.task.ament_cmake.build:Building ROS package in '/home/thedush/Waypoint_Manager/ROS-Assignment/src/butlerbot_gazebo' with build type 'ament_cmake'
[36.361s] INFO:colcon.colcon_cmake.task.cmake.build:Building CMake package in '/home/thedush/Waypoint_Manager/ROS-Assignment/src/butlerbot_gazebo'
[36.361s] INFO:colcon.colcon_core.shell:Skip shell extension 'powershell' for command environment: Not usable outside of PowerShell
[36.361s] DEBUG:colcon.colcon_core.shell:Skip shell extension 'dsv' for command environment
[36.367s] DEBUG:colcon.colcon_core.event_handler.log_command:Invoking command in '/home/thedush/Waypoint_Manager/build/butlerbot_gazebo': AMENT_PREFIX_PATH=/home/thedush/Waypoint_Manager/install/butlerbot_description:${AMENT_PREFIX_PATH} CMAKE_PREFIX_PATH=/home/thedush/Waypoint_Manager/install/butlerbot_description:/opt/ros/humble GAZEBO_MODEL_PATH=/home/thedush/Waypoint_Manager/install/butlerbot_description/share GZ_SIM_RESOURCE_PATH=/home/thedush/Waypoint_Manager/install/butlerbot_description/share IGN_GAZEBO_RESOURCE_PATH=/home/thedush/Waypoint_Manager/install/butlerbot_description/share /usr/bin/cmake /home/thedush/Waypoint_Manager/ROS-Assignment/src/butlerbot_gazebo -DCMAKE_INSTALL_PREFIX=/home/thedush/Waypoint_Manager/install/butlerbot_gazebo
[36.822s] DEBUG:colcon.colcon_core.event_handler.log_command:Invoked command in '/home/thedush/Waypoint_Manager/build/butlerbot_gazebo' returned '0': AMENT_PREFIX_PATH=/home/thedush/Waypoint_Manager/install/butlerbot_description:${AMENT_PREFIX_PATH} CMAKE_PREFIX_PATH=/home/thedush/Waypoint_Manager/install/butlerbot_description:/opt/ros/humble GAZEBO_MODEL_PATH=/home/thedush/Waypoint_Manager/install/butlerbot_description/share GZ_SIM_RESOURCE_PATH=/home/thedush/Waypoint_Manager/install/butlerbot_description/share IGN_GAZEBO_RESOURCE_PATH=/home/thedush/Waypoint_Manager/install/butlerbot_description/share /usr/bin/cmake /home/thedush/Waypoint_Manager/ROS-Assignment/src/butlerbot_gazebo -DCMAKE_INSTALL_PREFIX=/home/thedush/Waypoint_Manager/install/butlerbot_gazebo
[36.823s] DEBUG:colcon.colcon_core.event_handler.log_command:Invoking command in '/home/thedush/Waypoint_Manager/build/butlerbot_gazebo': AMENT_PREFIX_PATH=/home/thedush/Waypoint_Manager/install/butlerbot_description:${AMENT_PREFIX_PATH} CMAKE_PREFIX_PATH=/home/thedush/Waypoint_Manager/install/butlerbot_description:/opt/ros/humble GAZEBO_MODEL_PATH=/home/thedush/Waypoint_Manager/install/butlerbot_description/share GZ_SIM_RESOURCE_PATH=/home/thedush/Waypoint_Manager/install/butlerbot_description/share IGN_GAZEBO_RESOURCE_PATH=/home/thedush/Waypoint_Manager/install/butlerbot_description/share /usr/bin/cmake --build /home/thedush/Waypoint_Manager/build/butlerbot_gazebo -- -j8 -l8
[36.849s] DEBUG:colcon.colcon_core.event_handler.log_command:Invoked command in '/home/thedush/Waypoint_Manager/build/butlerbot_gazebo' returned '0': AMENT_PREFIX_PATH=/home/thedush/Waypoint_Manager/install/butlerbot_description:${AMENT_PREFIX_PATH} CMAKE_PREFIX_PATH=/home/thedush/Waypoint_Manager/install/butlerbot_description:/opt/ros/humble GAZEBO_MODEL_PATH=/home/thedush/Waypoint_Manager/install/butlerbot_description/share GZ_SIM_RESOURCE_PATH=/home/thedush/Waypoint_Manager/install/butlerbot_description/share IGN_GAZEBO_RESOURCE_PATH=/home/thedush/Waypoint_Manager/install/butlerbot_description/share /usr/bin/cmake --build /home/thedush/Waypoint_Manager/build/butlerbot_gazebo -- -j8 -l8
[36.850s] DEBUG:colcon.colcon_core.event_handler.log_command:Invoking command in '/home/thedush/Waypoint_Manager/build/butlerbot_gazebo': AMENT_PREFIX_PATH=/home/thedush/Waypoint_Manager/install/butlerbot_description:${AMENT_PREFIX_PATH} CMAKE_PREFIX_PATH=/home/thedush/Waypoint_Manager/install/butlerbot_description:/opt/ros/humble GAZEBO_MODEL_PATH=/home/thedush/Waypoint_Manager/install/butlerbot_description/share GZ_SIM_RESOURCE_PATH=/home/thedush/Waypoint_Manager/install/butlerbot_description/share IGN_GAZEBO_RESOURCE_PATH=/home/thedush/Waypoint_Manager/install/butlerbot_description/share /usr/bin/cmake --install /home/thedush/Waypoint_Manager/build/butlerbot_gazebo
[45.145s] DEBUG:colcon.colcon_core.event_handler.log_command:Invoked command in '/home/thedush/Waypoint_Manager/build/butlerbot_rmf_gazebo' returned '0': CMAKE_PREFIX_PATH=/opt/ros/humble /usr/bin/cmake --build /home/thedush/Waypoint_Manager/build/butlerbot_rmf_gazebo -- -j8 -l8
[45.147s] DEBUG:colcon.colcon_core.event_handler.log_command:Invoking command in '/home/thedush/Waypoint_Manager/build/butlerbot_rmf_gazebo': CMAKE_PREFIX_PATH=/opt/ros/humble /usr/bin/cmake --install /home/thedush/Waypoint_Manager/build/butlerbot_rmf_gazebo
[46.661s] Level 1:colcon.colcon_core.environment:create_environment_scripts_only(butlerbot_rmf_gazebo)
[46.661s] Level 1:colcon.colcon_core.environment:checking '/home/thedush/Waypoint_Manager/install/butlerbot_rmf_gazebo' for CMake module files
[46.662s] DEBUG:colcon.colcon_core.event_handler.log_command:Invoked command in '/home/thedush/Waypoint_Manager/build/butlerbot_rmf_gazebo' returned '0': CMAKE_PREFIX_PATH=/opt/ros/humble /usr/bin/cmake --install /home/thedush/Waypoint_Manager/build/butlerbot_rmf_gazebo
[46.663s] Level 1:colcon.colcon_core.environment:checking '/home/thedush/Waypoint_Manager/install/butlerbot_rmf_gazebo' for CMake config files
[46.663s] Level 1:colcon.colcon_core.shell:create_environment_hook('butlerbot_rmf_gazebo', 'cmake_prefix_path')
[46.663s] INFO:colcon.colcon_core.shell:Creating environment hook '/home/thedush/Waypoint_Manager/install/butlerbot_rmf_gazebo/share/butlerbot_rmf_gazebo/hook/cmake_prefix_path.ps1'
[46.664s] INFO:colcon.colcon_core.shell:Creating environment descriptor '/home/thedush/Waypoint_Manager/install/butlerbot_rmf_gazebo/share/butlerbot_rmf_gazebo/hook/cmake_prefix_path.dsv'
[46.665s] INFO:colcon.colcon_core.shell:Creating environment hook '/home/thedush/Waypoint_Manager/install/butlerbot_rmf_gazebo/share/butlerbot_rmf_gazebo/hook/cmake_prefix_path.sh'
[46.666s] Level 1:colcon.colcon_core.environment:checking '/home/thedush/Waypoint_Manager/install/butlerbot_rmf_gazebo/bin'
[46.666s] Level 1:colcon.colcon_core.environment:checking '/home/thedush/Waypoint_Manager/install/butlerbot_rmf_gazebo/lib/pkgconfig/butlerbot_rmf_gazebo.pc'
[46.666s] Level 1:colcon.colcon_core.environment:checking '/home/thedush/Waypoint_Manager/install/butlerbot_rmf_gazebo/lib/python3.10/site-packages'
[46.666s] Level 1:colcon.colcon_core.environment:checking '/home/thedush/Waypoint_Manager/install/butlerbot_rmf_gazebo/bin'
[46.667s] INFO:colcon.colcon_core.shell:Creating package script '/home/thedush/Waypoint_Manager/install/butlerbot_rmf_gazebo/share/butlerbot_rmf_gazebo/package.ps1'
[46.667s] INFO:colcon.colcon_core.shell:Creating package descriptor '/home/thedush/Waypoint_Manager/install/butlerbot_rmf_gazebo/share/butlerbot_rmf_gazebo/package.dsv'
[46.668s] INFO:colcon.colcon_core.shell:Creating package script '/home/thedush/Waypoint_Manager/install/butlerbot_rmf_gazebo/share/butlerbot_rmf_gazebo/package.sh'
[46.668s] INFO:colcon.colcon_core.shell:Creating package script '/home/thedush/Waypoint_Manager/install/butlerbot_rmf_gazebo/share/butlerbot_rmf_gazebo/package.bash'
[46.669s] INFO:colcon.colcon_core.shell:Creating package script '/home/thedush/Waypoint_Manager/install/butlerbot_rmf_gazebo/share/butlerbot_rmf_gazebo/package.zsh'
[46.669s] Level 1:colcon.colcon_core.environment:create_file_with_runtime_dependencies(/home/thedush/Waypoint_Manager/install/butlerbot_rmf_gazebo/share/colcon-core/packages/butlerbot_rmf_gazebo)
[46.669s] Level 1:colcon.colcon_core.environment:create_environment_scripts_only(butlerbot_rmf_gazebo)
[46.669s] Level 1:colcon.colcon_core.environment:checking '/home/thedush/Waypoint_Manager/install/butlerbot_rmf_gazebo' for CMake module files
[46.670s] Level 1:colcon.colcon_core.environment:checking '/home/thedush/Waypoint_Manager/install/butlerbot_rmf_gazebo' for CMake config files
[46.670s] Level 1:colcon.colcon_core.shell:create_environment_hook('butlerbot_rmf_gazebo', 'cmake_prefix_path')
[46.670s] INFO:colcon.colcon_core.shell:Creating environment hook '/home/thedush/Waypoint_Manager/install/butlerbot_rmf_gazebo/share/butlerbot_rmf_gazebo/hook/cmake_prefix_path.ps1'
[46.670s] INFO:colcon.colcon_core.shell:Creating environment descriptor '/home/thedush/Waypoint_Manager/install/butlerbot_rmf_gazebo/share/butlerbot_rmf_gazebo/hook/cmake_prefix_path.dsv'
[46.670s] INFO:colcon.colcon_core.shell:Creating environment hook '/home/thedush/Waypoint_Manager/install/butlerbot_rmf_gazebo/share/butlerbot_rmf_gazebo/hook/cmake_prefix_path.sh'
[46.671s] Level 1:colcon.colcon_core.environment:checking '/home/thedush/Waypoint_Manager/install/butlerbot_rmf_gazebo/bin'
[46.671s] Level 1:colcon.colcon_core.environment:checking '/home/thedush/Waypoint_Manager/install/butlerbot_rmf_gazebo/lib/pkgconfig/butlerbot_rmf_gazebo.pc'
[46.671s] Level 1:colcon.colcon_core.environment:checking '/home/thedush/Waypoint_Manager/install/butlerbot_rmf_gazebo/lib/python3.10/site-packages'
[46.671s] Level 1:colcon.colcon_core.environment:checking '/home/thedush/Waypoint_Manager/install/butlerbot_rmf_gazebo/bin'
[46.671s] INFO:colcon.colcon_core.shell:Creating package script '/home/thedush/Waypoint_Manager/install/butlerbot_rmf_gazebo/share/butlerbot_rmf_gazebo/package.ps1'
[46.672s] INFO:colcon.colcon_core.shell:Creating package descriptor '/home/thedush/Waypoint_Manager/install/butlerbot_rmf_gazebo/share/butlerbot_rmf_gazebo/package.dsv'
[46.672s] INFO:colcon.colcon_core.shell:Creating package script '/home/thedush/Waypoint_Manager/install/butlerbot_rmf_gazebo/share/butlerbot_rmf_gazebo/package.sh'
[46.672s] INFO:colcon.colcon_core.shell:Creating package script '/home/thedush/Waypoint_Manager/install/butlerbot_rmf_gazebo/share/butlerbot_rmf_gazebo/package.bash'
[46.672s] INFO:colcon.colcon_core.shell:Creating package script '/home/thedush/Waypoint_Manager/install/butlerbot_rmf_gazebo/share/butlerbot_rmf_gazebo/package.zsh'
[46.673s] Level 1:colcon.colcon_core.environment:create_file_with_runtime_dependencies(/home/thedush/Waypoint_Manager/install/butlerbot_rmf_gazebo/share/colcon-core/packages/butlerbot_rmf_gazebo)
[48.192s] DEBUG:colcon.colcon_core.event_handler.log_command:Invoked command in '/home/thedush/Waypoint_Manager/build/cpp_node' returned '0': CMAKE_PREFIX_PATH=/opt/ros/humble /usr/bin/cmake --build /home/thedush/Waypoint_Manager/build/cpp_node -- -j8 -l8
[48.193s] DEBUG:colcon.colcon_core.event_handler.log_command:Invoking command in '/home/thedush/Waypoint_Manager/build/cpp_node': CMAKE_PREFIX_PATH=/opt/ros/humble /usr/bin/cmake --install /home/thedush/Waypoint_Manager/build/cpp_node
[48.203s] Level 1:colcon.colcon_core.environment:create_environment_scripts_only(cpp_node)
[48.203s] Level 1:colcon.colcon_core.environment:checking '/home/thedush/Waypoint_Manager/install/cpp_node' for CMake module files
[48.203s] DEBUG:colcon.colcon_core.event_handler.log_command:Invoked command in '/home/thedush/Waypoint_Manager/build/cpp_node' returned '0': CMAKE_PREFIX_PATH=/opt/ros/humble /usr/bin/cmake --install /home/thedush/Waypoint_Manager/build/cpp_node
[48.203s] Level 1:colcon.colcon_core.environment:checking '/home/thedush/Waypoint_Manager/install/cpp_node' for CMake config files
[48.204s] Level 1:colcon.colcon_core.shell:create_environment_hook('cpp_node', 'cmake_prefix_path')
[48.204s] INFO:colcon.colcon_core.shell:Creating environment hook '/home/thedush/Waypoint_Manager/install/cpp_node/share/cpp_node/hook/cmake_prefix_path.ps1'
[48.204s] INFO:colcon.colcon_core.shell:Creating environment descriptor '/home/thedush/Waypoint_Manager/install/cpp_node/share/cpp_node/hook/cmake_prefix_path.dsv'
[48.204s] INFO:colcon.colcon_core.shell:Creating environment hook '/home/thedush/Waypoint_Manager/install/cpp_node/share/cpp_node/hook/cmake_prefix_path.sh'
[48.205s] Level 1:colcon.colcon_core.environment:checking '/home/thedush/Waypoint_Manager/install/cpp_node/lib'
[48.205s] Level 1:colcon.colcon_core.environment:checking '/home/thedush/Waypoint_Manager/install/cpp_node/bin'
[48.205s] Level 1:colcon.colcon_core.environment:checking '/home/thedush/Waypoint_Manager/install/cpp_node/lib/pkgconfig/cpp_node.pc'
[48.205s] Level 1:colcon.colcon_core.environment:checking '/home/thedush/Waypoint_Manager/install/cpp_node/lib/python3.10/site-packages'
[48.205s] Level 1:colcon.colcon_core.environment:checking '/home/thedush/Waypoint_Manager/install/cpp_node/bin'
[48.205s] INFO:colcon.colcon_core.shell:Creating package script '/home/thedush/Waypoint_Manager/install/cpp_node/share/cpp_node/package.ps1'
[48.206s] INFO:colcon.colcon_core.shell:Creating package descriptor '/home/thedush/Waypoint_Manager/install/cpp_node/share/cpp_node/package.dsv'
[48.206s] INFO:colcon.colcon_core.shell:Creating package script '/home/thedush/Waypoint_Manager/install/cpp_node/share/cpp_node/package.sh'
[48.206s] INFO:colcon.colcon_core.shell:Creating package script '/home/thedush/Waypoint_Manager/install/cpp_node/share/cpp_node/package.bash'
[48.207s] INFO:colcon.colcon_core.shell:Creating package script '/home/thedush/Waypoint_Manager/install/cpp_node/share/cpp_node/package.zsh'
[48.207s] Level 1:colcon.colcon_core.environment:create_file_with_runtime_dependencies(/home/thedush/Waypoint_Manager/install/cpp_node/share/colcon-core/packages/cpp_node)
[48.207s] Level 1:colcon.colcon_core.environment:create_environment_scripts_only(cpp_node)
[48.207s] Level 1:colcon.colcon_core.environment:checking '/home/thedush/Waypoint_Manager/install/cpp_node' for CMake module files
[48.208s] Level 1:colcon.colcon_core.environment:checking '/home/thedush/Waypoint_Manager/install/cpp_node' for CMake config files
[48.208s] Level 1:colcon.colcon_core.shell:create_environment_hook('cpp_node', 'cmake_prefix_path')
[48.208s] INFO:colcon.colcon_core.shell:Creating environment hook '/home/thedush/Waypoint_Manager/install/cpp_node/share/cpp_node/hook/cmake_prefix_path.ps1'
[48.209s] INFO:colcon.colcon_core.shell:Creating environment descriptor '/home/thedush/Waypoint_Manager/install/cpp_node/share/cpp_node/hook/cmake_prefix_path.dsv'
[48.209s] INFO:colcon.colcon_core.shell:Creating environment hook '/home/thedush/Waypoint_Manager/install/cpp_node/share/cpp_node/hook/cmake_prefix_path.sh'
[48.209s] Level 1:colcon.colcon_core.environment:checking '/home/thedush/Waypoint_Manager/install/cpp_node/lib'
[48.209s] Level 1:colcon.colcon_core.environment:checking '/home/thedush/Waypoint_Manager/install/cpp_node/bin'
[48.209s] Level 1:colcon.colcon_core.environment:checking '/home/thedush/Waypoint_Manager/install/cpp_node/lib/pkgconfig/cpp_node.pc'
[48.210s] Level 1:colcon.colcon_core.environment:checking '/home/thedush/Waypoint_Manager/install/cpp_node/lib/python3.10/site-packages'
[48.210s] Level 1:colcon.colcon_core.environment:checking '/home/thedush/Waypoint_Manager/install/cpp_node/bin'
[48.210s] INFO:colcon.colcon_core.shell:Creating package script '/home/thedush/Waypoint_Manager/install/cpp_node/share/cpp_node/package.ps1'
[48.211s] INFO:colcon.colcon_core.shell:Creating package descriptor '/home/thedush/Waypoint_Manager/install/cpp_node/share/cpp_node/package.dsv'
[48.211s] INFO:colcon.colcon_core.shell:Creating package script '/home/thedush/Waypoint_Manager/install/cpp_node/share/cpp_node/package.sh'
[48.211s] INFO:colcon.colcon_core.shell:Creating package script '/home/thedush/Waypoint_Manager/install/cpp_node/share/cpp_node/package.bash'
[48.211s] INFO:colcon.colcon_core.shell:Creating package script '/home/thedush/Waypoint_Manager/install/cpp_node/share/cpp_node/package.zsh'
[48.212s] Level 1:colcon.colcon_core.environment:create_file_with_runtime_dependencies(/home/thedush/Waypoint_Manager/install/cpp_node/share/colcon-core/packages/cpp_node)
[51.048s] Level 1:colcon.colcon_core.environment:create_environment_scripts_only(butlerbot_gazebo)
[51.048s] Level 1:colcon.colcon_core.environment:checking '/home/thedush/Waypoint_Manager/install/butlerbot_gazebo' for CMake module files
[51.049s] DEBUG:colcon.colcon_core.event_handler.log_command:Invoked command in '/home/thedush/Waypoint_Manager/build/butlerbot_gazebo' returned '0': AMENT_PREFIX_PATH=/home/thedush/Waypoint_Manager/install/butlerbot_description:${AMENT_PREFIX_PATH} CMAKE_PREFIX_PATH=/home/thedush/Waypoint_Manager/install/butlerbot_description:/opt/ros/humble GAZEBO_MODEL_PATH=/home/thedush/Waypoint_Manager/install/butlerbot_description/share GZ_SIM_RESOURCE_PATH=/home/thedush/Waypoint_Manager/install/butlerbot_description/share IGN_GAZEBO_RESOURCE_PATH=/home/thedush/Waypoint_Manager/install/butlerbot_description/share /usr/bin/cmake --install /home/thedush/Waypoint_Manager/build/butlerbot_gazebo
[51.049s] Level 1:colcon.colcon_core.environment:checking '/home/thedush/Waypoint_Manager/install/butlerbot_gazebo' for CMake config files
[51.052s] Level 1:colcon.colcon_core.shell:create_environment_hook('butlerbot_gazebo', 'cmake_prefix_path')
[51.053s] INFO:colcon.colcon_core.shell:Creating environment hook '/home/thedush/Waypoint_Manager/install/butlerbot_gazebo/share/butlerbot_gazebo/hook/cmake_prefix_path.ps1'
[51.053s] INFO:colcon.colcon_core.shell:Creating environment descriptor '/home/thedush/Waypoint_Manager/install/butlerbot_gazebo/share/butlerbot_gazebo/hook/cmake_prefix_path.dsv'
[51.054s] INFO:colcon.colcon_core.shell:Creating environment hook '/home/thedush/Waypoint_Manager/install/butlerbot_gazebo/share/butlerbot_gazebo/hook/cmake_prefix_path.sh'
[51.054s] Level 1:colcon.colcon_core.environment:checking '/home/thedush/Waypoint_Manager/install/butlerbot_gazebo/bin'
[51.054s] Level 1:colcon.colcon_core.environment:checking '/home/thedush/Waypoint_Manager/install/butlerbot_gazebo/lib/pkgconfig/butlerbot_gazebo.pc'
[51.055s] Level 1:colcon.colcon_core.environment:checking '/home/thedush/Waypoint_Manager/install/butlerbot_gazebo/lib/python3.10/site-packages'
[51.055s] Level 1:colcon.colcon_core.environment:checking '/home/thedush/Waypoint_Manager/install/butlerbot_gazebo/bin'
[51.055s] INFO:colcon.colcon_core.shell:Creating package script '/home/thedush/Waypoint_Manager/install/butlerbot_gazebo/share/butlerbot_gazebo/package.ps1'
[51.056s] INFO:colcon.colcon_core.shell:Creating package descriptor '/home/thedush/Waypoint_Manager/install/butlerbot_gazebo/share/butlerbot_gazebo/package.dsv'
[51.057s] INFO:colcon.colcon_core.shell:Creating package script '/home/thedush/Waypoint_Manager/install/butlerbot_gazebo/share/butlerbot_gazebo/package.sh'
[51.057s] INFO:colcon.colcon_core.shell:Creating package script '/home/thedush/Waypoint_Manager/install/butlerbot_gazebo/share/butlerbot_gazebo/package.bash'
[51.058s] INFO:colcon.colcon_core.shell:Creating package script '/home/thedush/Waypoint_Manager/install/butlerbot_gazebo/share/butlerbot_gazebo/package.zsh'
[51.058s] Level 1:colcon.colcon_core.environment:create_file_with_runtime_dependencies(/home/thedush/Waypoint_Manager/install/butlerbot_gazebo/share/colcon-core/packages/butlerbot_gazebo)
[51.059s] Level 1:colcon.colcon_core.environment:create_environment_scripts_only(butlerbot_gazebo)
[51.059s] Level 1:colcon.colcon_core.environment:checking '/home/thedush/Waypoint_Manager/install/butlerbot_gazebo' for CMake module files
[51.060s] Level 1:colcon.colcon_core.environment:checking '/home/thedush/Waypoint_Manager/install/butlerbot_gazebo' for CMake config files
[51.062s] Level 1:colcon.colcon_core.shell:create_environment_hook('butlerbot_gazebo', 'cmake_prefix_path')
[51.062s] INFO:colcon.colcon_core.shell:Creating environment hook '/home/thedush/Waypoint_Manager/install/butlerbot_gazebo/share/butlerbot_gazebo/hook/cmake_prefix_path.ps1'
[51.063s] INFO:colcon.colcon_core.shell:Creating environment descriptor '/home/thedush/Waypoint_Manager/install/butlerbot_gazebo/share/butlerbot_gazebo/hook/cmake_prefix_path.dsv'
[51.063s] INFO:colcon.colcon_core.shell:Creating environment hook '/home/thedush/Waypoint_Manager/install/butlerbot_gazebo/share/butlerbot_gazebo/hook/cmake_prefix_path.sh'
[51.064s] Level 1:colcon.colcon_core.environment:checking '/home/thedush/Waypoint_Manager/install/butlerbot_gazebo/bin'
[51.064s] Level 1:colcon.colcon_core.environment:checking '/home/thedush/Waypoint_Manager/install/butlerbot_gazebo/lib/pkgconfig/butlerbot_gazebo.pc'
[51.064s] Level 1:colcon.colcon_core.environment:checking '/home/thedush/Waypoint_Manager/install/butlerbot_gazebo/lib/python3.10/site-packages'
[51.065s] Level 1:colcon.colcon_core.environment:checking '/home/thedush/Waypoint_Manager/install/butlerbot_gazebo/bin'
[51.065s] INFO:colcon.colcon_core.shell:Creating package script '/home/thedush/Waypoint_Manager/install/butlerbot_gazebo/share/butlerbot_gazebo/package.ps1'
[51.065s] INFO:colcon.colcon_core.shell:Creating package descriptor '/home/thedush/Waypoint_Manager/install/butlerbot_gazebo/share/butlerbot_gazebo/package.dsv'
[51.066s] INFO:colcon.colcon_core.shell:Creating package script '/home/thedush/Waypoint_Manager/install/butlerbot_gazebo/share/butlerbot_gazebo/package.sh'
[51.066s] INFO:colcon.colcon_core.shell:Creating package script '/home/thedush/Waypoint_Manager/install/butlerbot_gazebo/share/butlerbot_gazebo/package.bash'
[51.066s] INFO:colcon.colcon_core.shell:Creating package script '/home/thedush/Waypoint_Manager/install/butlerbot_gazebo/share/butlerbot_gazebo/package.zsh'
[51.067s] Level 1:colcon.colcon_core.environment:create_file_with_runtime_dependencies(/home/thedush/Waypoint_Manager/install/butlerbot_gazebo/share/colcon-core/packages/butlerbot_gazebo)
[51.067s] DEBUG:colcon.colcon_parallel_executor.executor.parallel:closing loop
[51.067s] DEBUG:colcon.colcon_parallel_executor.executor.parallel:loop closed
[51.067s] DEBUG:colcon.colcon_parallel_executor.executor.parallel:run_until_complete finished with '0'
[51.067s] DEBUG:colcon.colcon_core.event_reactor:joining thread
[51.130s] INFO:colcon.colcon_core.plugin_system:Skipping extension 'colcon_notification.desktop_notification.terminal_notifier': Not used on non-Darwin systems
[51.130s] INFO:colcon.colcon_core.plugin_system:Skipping extension 'colcon_notification.desktop_notification.win32': Not used on non-Windows systems
[51.131s] INFO:colcon.colcon_notification.desktop_notification:Sending desktop notification using 'notify2'
[51.153s] DEBUG:colcon.colcon_core.event_reactor:joined thread
[51.153s] INFO:colcon.colcon_core.shell:Creating prefix script '/home/thedush/Waypoint_Manager/install/local_setup.ps1'
[51.178s] INFO:colcon.colcon_core.shell:Creating prefix util module '/home/thedush/Waypoint_Manager/install/_local_setup_util_ps1.py'
[51.207s] INFO:colcon.colcon_core.shell:Creating prefix chain script '/home/thedush/Waypoint_Manager/install/setup.ps1'
[51.223s] INFO:colcon.colcon_core.shell:Creating prefix script '/home/thedush/Waypoint_Manager/install/local_setup.sh'
[51.224s] INFO:colcon.colcon_core.shell:Creating prefix util module '/home/thedush/Waypoint_Manager/install/_local_setup_util_sh.py'
[51.225s] INFO:colcon.colcon_core.shell:Creating prefix chain script '/home/thedush/Waypoint_Manager/install/setup.sh'
[51.227s] INFO:colcon.colcon_core.shell:Creating prefix script '/home/thedush/Waypoint_Manager/install/local_setup.bash'
[51.228s] INFO:colcon.colcon_core.shell:Creating prefix chain script '/home/thedush/Waypoint_Manager/install/setup.bash'
[51.230s] INFO:colcon.colcon_core.shell:Creating prefix script '/home/thedush/Waypoint_Manager/install/local_setup.zsh'
[51.256s] INFO:colcon.colcon_core.shell:Creating prefix chain script '/home/thedush/Waypoint_Manager/install/setup.zsh'
