[0.074s] DEBUG:colcon:Command line arguments: ['/usr/bin/colcon', 'build']
[0.074s] DEBUG:colcon:Parsed command line arguments: Namespace(log_base=None, log_level=None, verb_name='build', build_base='build', install_base='install', merge_install=False, symlink_install=False, test_result_base=None, continue_on_error=False, executor='parallel', parallel_workers=8, event_handlers=None, ignore_user_meta=False, metas=['./colcon.meta'], base_paths=['.'], packages_ignore=None, packages_ignore_regex=None, paths=None, packages_up_to=None, packages_up_to_regex=None, packages_above=None, packages_above_and_dependencies=None, packages_above_depth=None, packages_select_by_dep=None, packages_skip_by_dep=None, packages_skip_up_to=None, packages_select_build_failed=False, packages_skip_build_finished=False, packages_select_test_failures=False, packages_skip_test_passed=False, packages_select=None, packages_skip=None, packages_select_regex=None, packages_skip_regex=None, packages_start=None, packages_end=None, allow_overriding=[], cmake_args=None, cmake_target=None, cmake_target_skip_unavailable=False, cmake_clean_cache=False, cmake_clean_first=False, cmake_force_configure=False, ament_cmake_args=None, catkin_cmake_args=None, catkin_skip_building_tests=False, mixin_files=None, mixin=None, verb_parser=<colcon_mixin.mixin.mixin_argument.MixinArgumentDecorator object at 0x7bc110c02110>, verb_extension=<colcon_core.verb.build.BuildVerb object at 0x7bc110c01c60>, main=<bound method BuildVerb.main of <colcon_core.verb.build.BuildVerb object at 0x7bc110c01c60>>, mixin_verb=('build',))
[0.190s] Level 1:colcon.colcon_core.package_discovery:discover_packages(colcon_meta) check parameters
[0.190s] Level 1:colcon.colcon_core.package_discovery:discover_packages(recursive) check parameters
[0.190s] Level 1:colcon.colcon_core.package_discovery:discover_packages(ignore) check parameters
[0.190s] Level 1:colcon.colcon_core.package_discovery:discover_packages(path) check parameters
[0.190s] Level 1:colcon.colcon_core.package_discovery:discover_packages(colcon_meta) discover
[0.190s] Level 1:colcon.colcon_core.package_discovery:discover_packages(recursive) discover
[0.190s] INFO:colcon.colcon_core.package_discovery:Crawling recursively for packages in '/home/thedush/Videos/ros2_ws'
[0.190s] Level 1:colcon.colcon_core.package_identification:_identify(.) by extensions ['ignore', 'ignore_ament_install']
[0.190s] Level 1:colcon.colcon_core.package_identification:_identify(.) by extension 'ignore'
[0.190s] Level 1:colcon.colcon_core.package_identification:_identify(.) by extension 'ignore_ament_install'
[0.190s] Level 1:colcon.colcon_core.package_identification:_identify(.) by extensions ['colcon_pkg']
[0.190s] Level 1:colcon.colcon_core.package_identification:_identify(.) by extension 'colcon_pkg'
[0.190s] Level 1:colcon.colcon_core.package_identification:_identify(.) by extensions ['colcon_meta']
[0.190s] Level 1:colcon.colcon_core.package_identification:_identify(.) by extension 'colcon_meta'
[0.190s] Level 1:colcon.colcon_core.package_identification:_identify(.) by extensions ['ros']
[0.190s] Level 1:colcon.colcon_core.package_identification:_identify(.) by extension 'ros'
[0.198s] Level 1:colcon.colcon_core.package_identification:_identify(.) by extensions ['cmake', 'python']
[0.198s] Level 1:colcon.colcon_core.package_identification:_identify(.) by extension 'cmake'
[0.198s] Level 1:colcon.colcon_core.package_identification:_identify(.) by extension 'python'
[0.198s] Level 1:colcon.colcon_core.package_identification:_identify(.) by extensions ['python_setup_py']
[0.198s] Level 1:colcon.colcon_core.package_identification:_identify(.) by extension 'python_setup_py'
[0.198s] Level 1:colcon.colcon_core.package_identification:_identify(build) by extensions ['ignore', 'ignore_ament_install']
[0.198s] Level 1:colcon.colcon_core.package_identification:_identify(build) by extension 'ignore'
[0.198s] Level 1:colcon.colcon_core.package_identification:_identify(build) ignored
[0.198s] Level 1:colcon.colcon_core.package_identification:_identify(install) by extensions ['ignore', 'ignore_ament_install']
[0.198s] Level 1:colcon.colcon_core.package_identification:_identify(install) by extension 'ignore'
[0.198s] Level 1:colcon.colcon_core.package_identification:_identify(install) ignored
[0.198s] Level 1:colcon.colcon_core.package_identification:_identify(log) by extensions ['ignore', 'ignore_ament_install']
[0.198s] Level 1:colcon.colcon_core.package_identification:_identify(log) by extension 'ignore'
[0.198s] Level 1:colcon.colcon_core.package_identification:_identify(log) ignored
[0.198s] Level 1:colcon.colcon_core.package_identification:_identify(src) by extensions ['ignore', 'ignore_ament_install']
[0.199s] Level 1:colcon.colcon_core.package_identification:_identify(src) by extension 'ignore'
[0.199s] Level 1:colcon.colcon_core.package_identification:_identify(src) by extension 'ignore_ament_install'
[0.199s] Level 1:colcon.colcon_core.package_identification:_identify(src) by extensions ['colcon_pkg']
[0.199s] Level 1:colcon.colcon_core.package_identification:_identify(src) by extension 'colcon_pkg'
[0.199s] Level 1:colcon.colcon_core.package_identification:_identify(src) by extensions ['colcon_meta']
[0.199s] Level 1:colcon.colcon_core.package_identification:_identify(src) by extension 'colcon_meta'
[0.199s] Level 1:colcon.colcon_core.package_identification:_identify(src) by extensions ['ros']
[0.199s] Level 1:colcon.colcon_core.package_identification:_identify(src) by extension 'ros'
[0.199s] Level 1:colcon.colcon_core.package_identification:_identify(src) by extensions ['cmake', 'python']
[0.199s] Level 1:colcon.colcon_core.package_identification:_identify(src) by extension 'cmake'
[0.199s] Level 1:colcon.colcon_core.package_identification:_identify(src) by extension 'python'
[0.199s] Level 1:colcon.colcon_core.package_identification:_identify(src) by extensions ['python_setup_py']
[0.199s] Level 1:colcon.colcon_core.package_identification:_identify(src) by extension 'python_setup_py'
[0.199s] Level 1:colcon.colcon_core.package_identification:_identify(src/cpp_node) by extensions ['ignore', 'ignore_ament_install']
[0.199s] Level 1:colcon.colcon_core.package_identification:_identify(src/cpp_node) by extension 'ignore'
[0.199s] Level 1:colcon.colcon_core.package_identification:_identify(src/cpp_node) by extension 'ignore_ament_install'
[0.199s] Level 1:colcon.colcon_core.package_identification:_identify(src/cpp_node) by extensions ['colcon_pkg']
[0.199s] Level 1:colcon.colcon_core.package_identification:_identify(src/cpp_node) by extension 'colcon_pkg'
[0.199s] Level 1:colcon.colcon_core.package_identification:_identify(src/cpp_node) by extensions ['colcon_meta']
[0.199s] Level 1:colcon.colcon_core.package_identification:_identify(src/cpp_node) by extension 'colcon_meta'
[0.199s] Level 1:colcon.colcon_core.package_identification:_identify(src/cpp_node) by extensions ['ros']
[0.199s] Level 1:colcon.colcon_core.package_identification:_identify(src/cpp_node) by extension 'ros'
[0.201s] DEBUG:colcon.colcon_core.package_identification:Package 'src/cpp_node' with type 'ros.ament_cmake' and name 'cpp_node'
[0.202s] Level 1:colcon.colcon_core.package_discovery:discover_packages(recursive) using defaults
[0.202s] Level 1:colcon.colcon_core.package_discovery:discover_packages(ignore) discover
[0.202s] Level 1:colcon.colcon_core.package_discovery:discover_packages(ignore) using defaults
[0.202s] Level 1:colcon.colcon_core.package_discovery:discover_packages(path) discover
[0.202s] Level 1:colcon.colcon_core.package_discovery:discover_packages(path) using defaults
[0.224s] Level 1:colcon.colcon_core.package_discovery:discover_packages(prefix_path) check parameters
[0.224s] Level 1:colcon.colcon_core.package_discovery:discover_packages(prefix_path) discover
[0.226s] DEBUG:colcon.colcon_installed_package_information.package_discovery:Found 273 installed packages in /opt/ros/humble
[0.227s] Level 1:colcon.colcon_core.package_discovery:discover_packages(prefix_path) using defaults
[0.250s] Level 5:colcon.colcon_core.verb:set package 'cpp_node' build argument 'cmake_args' from command line to 'None'
[0.250s] Level 5:colcon.colcon_core.verb:set package 'cpp_node' build argument 'cmake_target' from command line to 'None'
[0.250s] Level 5:colcon.colcon_core.verb:set package 'cpp_node' build argument 'cmake_target_skip_unavailable' from command line to 'False'
[0.250s] Level 5:colcon.colcon_core.verb:set package 'cpp_node' build argument 'cmake_clean_cache' from command line to 'False'
[0.250s] Level 5:colcon.colcon_core.verb:set package 'cpp_node' build argument 'cmake_clean_first' from command line to 'False'
[0.250s] Level 5:colcon.colcon_core.verb:set package 'cpp_node' build argument 'cmake_force_configure' from command line to 'False'
[0.250s] Level 5:colcon.colcon_core.verb:set package 'cpp_node' build argument 'ament_cmake_args' from command line to 'None'
[0.250s] Level 5:colcon.colcon_core.verb:set package 'cpp_node' build argument 'catkin_cmake_args' from command line to 'None'
[0.250s] Level 5:colcon.colcon_core.verb:set package 'cpp_node' build argument 'catkin_skip_building_tests' from command line to 'False'
[0.250s] DEBUG:colcon.colcon_core.verb:Building package 'cpp_node' with the following arguments: {'ament_cmake_args': None, 'build_base': '/home/thedush/Videos/ros2_ws/build/cpp_node', 'catkin_cmake_args': None, 'catkin_skip_building_tests': False, 'cmake_args': None, 'cmake_clean_cache': False, 'cmake_clean_first': False, 'cmake_force_configure': False, 'cmake_target': None, 'cmake_target_skip_unavailable': False, 'install_base': '/home/thedush/Videos/ros2_ws/install/cpp_node', 'merge_install': False, 'path': '/home/thedush/Videos/ros2_ws/src/cpp_node', 'symlink_install': False, 'test_result_base': None}
[0.250s] INFO:colcon.colcon_core.executor:Executing jobs using 'parallel' executor
[0.251s] DEBUG:colcon.colcon_parallel_executor.executor.parallel:run_until_complete
[0.251s] INFO:colcon.colcon_ros.task.ament_cmake.build:Building ROS package in '/home/thedush/Videos/ros2_ws/src/cpp_node' with build type 'ament_cmake'
[0.251s] INFO:colcon.colcon_cmake.task.cmake.build:Building CMake package in '/home/thedush/Videos/ros2_ws/src/cpp_node'
[0.252s] INFO:colcon.colcon_core.plugin_system:Skipping extension 'colcon_core.shell.bat': Not used on non-Windows systems
[0.253s] INFO:colcon.colcon_core.shell:Skip shell extension 'powershell' for command environment: Not usable outside of PowerShell
[0.253s] DEBUG:colcon.colcon_core.shell:Skip shell extension 'dsv' for command environment
[0.258s] DEBUG:colcon.colcon_core.event_handler.log_command:Invoking command in '/home/thedush/Videos/ros2_ws/build/cpp_node': CMAKE_PREFIX_PATH=/opt/ros/humble /usr/bin/cmake --build /home/thedush/Videos/ros2_ws/build/cpp_node -- -j8 -l8
[8.196s] DEBUG:colcon.colcon_core.event_handler.log_command:Invoked command in '/home/thedush/Videos/ros2_ws/build/cpp_node' returned '0': CMAKE_PREFIX_PATH=/opt/ros/humble /usr/bin/cmake --build /home/thedush/Videos/ros2_ws/build/cpp_node -- -j8 -l8
[8.203s] DEBUG:colcon.colcon_core.event_handler.log_command:Invoking command in '/home/thedush/Videos/ros2_ws/build/cpp_node': CMAKE_PREFIX_PATH=/opt/ros/humble /usr/bin/cmake --install /home/thedush/Videos/ros2_ws/build/cpp_node
[8.214s] Level 1:colcon.colcon_core.environment:create_environment_scripts_only(cpp_node)
[8.214s] DEBUG:colcon.colcon_core.event_handler.log_command:Invoked command in '/home/thedush/Videos/ros2_ws/build/cpp_node' returned '0': CMAKE_PREFIX_PATH=/opt/ros/humble /usr/bin/cmake --install /home/thedush/Videos/ros2_ws/build/cpp_node
[8.215s] Level 1:colcon.colcon_core.environment:checking '/home/thedush/Videos/ros2_ws/install/cpp_node' for CMake module files
[8.216s] Level 1:colcon.colcon_core.environment:checking '/home/thedush/Videos/ros2_ws/install/cpp_node' for CMake config files
[8.216s] Level 1:colcon.colcon_core.shell:create_environment_hook('cpp_node', 'cmake_prefix_path')
[8.216s] INFO:colcon.colcon_core.shell:Creating environment hook '/home/thedush/Videos/ros2_ws/install/cpp_node/share/cpp_node/hook/cmake_prefix_path.ps1'
[8.399s] INFO:colcon.colcon_core.shell:Creating environment descriptor '/home/thedush/Videos/ros2_ws/install/cpp_node/share/cpp_node/hook/cmake_prefix_path.dsv'
[8.525s] INFO:colcon.colcon_core.shell:Creating environment hook '/home/thedush/Videos/ros2_ws/install/cpp_node/share/cpp_node/hook/cmake_prefix_path.sh'
[8.526s] Level 1:colcon.colcon_core.environment:checking '/home/thedush/Videos/ros2_ws/install/cpp_node/lib'
[8.526s] Level 1:colcon.colcon_core.environment:checking '/home/thedush/Videos/ros2_ws/install/cpp_node/bin'
[8.526s] Level 1:colcon.colcon_core.environment:checking '/home/thedush/Videos/ros2_ws/install/cpp_node/lib/pkgconfig/cpp_node.pc'
[8.526s] Level 1:colcon.colcon_core.environment:checking '/home/thedush/Videos/ros2_ws/install/cpp_node/lib/python3.10/site-packages'
[8.526s] Level 1:colcon.colcon_core.environment:checking '/home/thedush/Videos/ros2_ws/install/cpp_node/bin'
[8.527s] INFO:colcon.colcon_core.shell:Creating package script '/home/thedush/Videos/ros2_ws/install/cpp_node/share/cpp_node/package.ps1'
[8.527s] INFO:colcon.colcon_core.shell:Creating package descriptor '/home/thedush/Videos/ros2_ws/install/cpp_node/share/cpp_node/package.dsv'
[8.528s] INFO:colcon.colcon_core.shell:Creating package script '/home/thedush/Videos/ros2_ws/install/cpp_node/share/cpp_node/package.sh'
[8.528s] INFO:colcon.colcon_core.shell:Creating package script '/home/thedush/Videos/ros2_ws/install/cpp_node/share/cpp_node/package.bash'
[8.529s] INFO:colcon.colcon_core.shell:Creating package script '/home/thedush/Videos/ros2_ws/install/cpp_node/share/cpp_node/package.zsh'
[8.530s] Level 1:colcon.colcon_core.environment:create_file_with_runtime_dependencies(/home/thedush/Videos/ros2_ws/install/cpp_node/share/colcon-core/packages/cpp_node)
[8.531s] Level 1:colcon.colcon_core.environment:create_environment_scripts_only(cpp_node)
[8.532s] Level 1:colcon.colcon_core.environment:checking '/home/thedush/Videos/ros2_ws/install/cpp_node' for CMake module files
[8.533s] Level 1:colcon.colcon_core.environment:checking '/home/thedush/Videos/ros2_ws/install/cpp_node' for CMake config files
[8.533s] Level 1:colcon.colcon_core.shell:create_environment_hook('cpp_node', 'cmake_prefix_path')
[8.533s] INFO:colcon.colcon_core.shell:Creating environment hook '/home/thedush/Videos/ros2_ws/install/cpp_node/share/cpp_node/hook/cmake_prefix_path.ps1'
[8.534s] INFO:colcon.colcon_core.shell:Creating environment descriptor '/home/thedush/Videos/ros2_ws/install/cpp_node/share/cpp_node/hook/cmake_prefix_path.dsv'
[8.534s] INFO:colcon.colcon_core.shell:Creating environment hook '/home/thedush/Videos/ros2_ws/install/cpp_node/share/cpp_node/hook/cmake_prefix_path.sh'
[8.535s] Level 1:colcon.colcon_core.environment:checking '/home/thedush/Videos/ros2_ws/install/cpp_node/lib'
[8.535s] Level 1:colcon.colcon_core.environment:checking '/home/thedush/Videos/ros2_ws/install/cpp_node/bin'
[8.535s] Level 1:colcon.colcon_core.environment:checking '/home/thedush/Videos/ros2_ws/install/cpp_node/lib/pkgconfig/cpp_node.pc'
[8.536s] Level 1:colcon.colcon_core.environment:checking '/home/thedush/Videos/ros2_ws/install/cpp_node/lib/python3.10/site-packages'
[8.536s] Level 1:colcon.colcon_core.environment:checking '/home/thedush/Videos/ros2_ws/install/cpp_node/bin'
[8.536s] INFO:colcon.colcon_core.shell:Creating package script '/home/thedush/Videos/ros2_ws/install/cpp_node/share/cpp_node/package.ps1'
[8.537s] INFO:colcon.colcon_core.shell:Creating package descriptor '/home/thedush/Videos/ros2_ws/install/cpp_node/share/cpp_node/package.dsv'
[8.538s] INFO:colcon.colcon_core.shell:Creating package script '/home/thedush/Videos/ros2_ws/install/cpp_node/share/cpp_node/package.sh'
[8.538s] INFO:colcon.colcon_core.shell:Creating package script '/home/thedush/Videos/ros2_ws/install/cpp_node/share/cpp_node/package.bash'
[8.539s] INFO:colcon.colcon_core.shell:Creating package script '/home/thedush/Videos/ros2_ws/install/cpp_node/share/cpp_node/package.zsh'
[8.539s] Level 1:colcon.colcon_core.environment:create_file_with_runtime_dependencies(/home/thedush/Videos/ros2_ws/install/cpp_node/share/colcon-core/packages/cpp_node)
[8.539s] DEBUG:colcon.colcon_parallel_executor.executor.parallel:closing loop
[8.540s] DEBUG:colcon.colcon_parallel_executor.executor.parallel:loop closed
[8.540s] DEBUG:colcon.colcon_parallel_executor.executor.parallel:run_until_complete finished with '0'
[8.540s] DEBUG:colcon.colcon_core.event_reactor:joining thread
[8.545s] INFO:colcon.colcon_core.plugin_system:Skipping extension 'colcon_notification.desktop_notification.terminal_notifier': Not used on non-Darwin systems
[8.545s] INFO:colcon.colcon_core.plugin_system:Skipping extension 'colcon_notification.desktop_notification.win32': Not used on non-Windows systems
[8.545s] INFO:colcon.colcon_notification.desktop_notification:Sending desktop notification using 'notify2'
[8.558s] DEBUG:colcon.colcon_core.event_reactor:joined thread
[8.558s] INFO:colcon.colcon_core.shell:Creating prefix script '/home/thedush/Videos/ros2_ws/install/local_setup.ps1'
[8.559s] INFO:colcon.colcon_core.shell:Creating prefix util module '/home/thedush/Videos/ros2_ws/install/_local_setup_util_ps1.py'
[8.560s] INFO:colcon.colcon_core.shell:Creating prefix chain script '/home/thedush/Videos/ros2_ws/install/setup.ps1'
[8.561s] INFO:colcon.colcon_core.shell:Creating prefix script '/home/thedush/Videos/ros2_ws/install/local_setup.sh'
[8.561s] INFO:colcon.colcon_core.shell:Creating prefix util module '/home/thedush/Videos/ros2_ws/install/_local_setup_util_sh.py'
[8.561s] INFO:colcon.colcon_core.shell:Creating prefix chain script '/home/thedush/Videos/ros2_ws/install/setup.sh'
[8.562s] INFO:colcon.colcon_core.shell:Creating prefix script '/home/thedush/Videos/ros2_ws/install/local_setup.bash'
[8.562s] INFO:colcon.colcon_core.shell:Creating prefix chain script '/home/thedush/Videos/ros2_ws/install/setup.bash'
[8.563s] INFO:colcon.colcon_core.shell:Creating prefix script '/home/thedush/Videos/ros2_ws/install/local_setup.zsh'
[8.563s] INFO:colcon.colcon_core.shell:Creating prefix chain script '/home/thedush/Videos/ros2_ws/install/setup.zsh'
