[0.053s] Invoking command in '/home/thedush/Waypoint_Manager/build/butlerbot_navigation': CMAKE_PREFIX_PATH=/opt/ros/humble /usr/bin/cmake /home/thedush/Waypoint_Manager/ROS-Assignment/src/butlerbot_navigation -DCMAKE_INSTALL_PREFIX=/home/thedush/Waypoint_Manager/install/butlerbot_navigation
[1.851s] -- The C compiler identification is GNU 11.4.0
[2.622s] -- The CXX compiler identification is GNU 11.4.0
[2.643s] -- Detecting C compiler ABI info
[2.882s] -- Detecting C compiler ABI info - done
[2.889s] -- Check for working C compiler: /usr/bin/cc - skipped
[2.889s] -- Detecting C compile features
[2.912s] -- Detecting C compile features - done
[2.925s] -- Detecting CXX compiler ABI info
[3.055s] -- Detecting CXX compiler ABI info - done
[3.062s] -- Check for working CXX compiler: /usr/bin/c++ - skipped
[3.062s] -- Detecting CXX compile features
[3.062s] -- Detecting CXX compile features - done
[3.163s] -- Found ament_cmake: 1.3.11 (/opt/ros/humble/share/ament_cmake/cmake)
[3.539s] -- Found Python3: /usr/bin/python3 (found version "3.10.12") found components: Interpreter 
[4.026s] -- Configuring done
[4.029s] -- Generating done
[4.032s] -- Build files have been written to: /home/thedush/Waypoint_Manager/build/butlerbot_navigation
[4.037s] Invoked command in '/home/thedush/Waypoint_Manager/build/butlerbot_navigation' returned '0': CMAKE_PREFIX_PATH=/opt/ros/humble /usr/bin/cmake /home/thedush/Waypoint_Manager/ROS-Assignment/src/butlerbot_navigation -DCMAKE_INSTALL_PREFIX=/home/thedush/Waypoint_Manager/install/butlerbot_navigation
[4.040s] Invoking command in '/home/thedush/Waypoint_Manager/build/butlerbot_navigation': CMAKE_PREFIX_PATH=/opt/ros/humble /usr/bin/cmake --build /home/thedush/Waypoint_Manager/build/butlerbot_navigation -- -j8 -l8
[4.092s] Invoked command in '/home/thedush/Waypoint_Manager/build/butlerbot_navigation' returned '0': CMAKE_PREFIX_PATH=/opt/ros/humble /usr/bin/cmake --build /home/thedush/Waypoint_Manager/build/butlerbot_navigation -- -j8 -l8
[4.106s] Invoking command in '/home/thedush/Waypoint_Manager/build/butlerbot_navigation': CMAKE_PREFIX_PATH=/opt/ros/humble /usr/bin/cmake --install /home/thedush/Waypoint_Manager/build/butlerbot_navigation
[4.117s] -- Install configuration: ""
[4.117s] -- Installing: /home/thedush/Waypoint_Manager/install/butlerbot_navigation/share/butlerbot_navigation/config
[4.169s] -- Installing: /home/thedush/Waypoint_Manager/install/butlerbot_navigation/share/butlerbot_navigation/config/nav2_params.yaml
[4.265s] -- Installing: /home/thedush/Waypoint_Manager/install/butlerbot_navigation/share/butlerbot_navigation/launch
[4.266s] -- Installing: /home/thedush/Waypoint_Manager/install/butlerbot_navigation/share/butlerbot_navigation/launch/navigation.launch.py
[4.266s] -- Installing: /home/thedush/Waypoint_Manager/install/butlerbot_navigation/share/butlerbot_navigation/launch/rviz_launch.py
[4.266s] -- Installing: /home/thedush/Waypoint_Manager/install/butlerbot_navigation/share/butlerbot_navigation/rviz
[4.266s] -- Installing: /home/thedush/Waypoint_Manager/install/butlerbot_navigation/share/butlerbot_navigation/rviz/navigation.rviz
[4.300s] -- Installing: /home/thedush/Waypoint_Manager/install/butlerbot_navigation/share/butlerbot_navigation/map
[4.300s] -- Installing: /home/thedush/Waypoint_Manager/install/butlerbot_navigation/share/butlerbot_navigation/map/map1.yaml
[4.322s] -- Installing: /home/thedush/Waypoint_Manager/install/butlerbot_navigation/share/butlerbot_navigation/map/map1.pgm
[4.323s] -- Installing: /home/thedush/Waypoint_Manager/install/butlerbot_navigation/share/butlerbot_navigation/map/map2.pgm
[4.323s] -- Installing: /home/thedush/Waypoint_Manager/install/butlerbot_navigation/share/butlerbot_navigation/map/map2.yaml
[4.324s] -- Installing: /home/thedush/Waypoint_Manager/install/butlerbot_navigation/share/butlerbot_navigation/map/cafe_rmf.pgm
[4.324s] -- Installing: /home/thedush/Waypoint_Manager/install/butlerbot_navigation/share/butlerbot_navigation/map/cafe_rmf.yaml
[4.325s] -- Installing: /home/thedush/Waypoint_Manager/install/butlerbot_navigation/share/ament_index/resource_index/package_run_dependencies/butlerbot_navigation
[4.325s] -- Installing: /home/thedush/Waypoint_Manager/install/butlerbot_navigation/share/ament_index/resource_index/parent_prefix_path/butlerbot_navigation
[4.325s] -- Installing: /home/thedush/Waypoint_Manager/install/butlerbot_navigation/share/butlerbot_navigation/environment/ament_prefix_path.sh
[4.326s] -- Installing: /home/thedush/Waypoint_Manager/install/butlerbot_navigation/share/butlerbot_navigation/environment/ament_prefix_path.dsv
[4.326s] -- Installing: /home/thedush/Waypoint_Manager/install/butlerbot_navigation/share/butlerbot_navigation/environment/path.sh
[4.326s] -- Installing: /home/thedush/Waypoint_Manager/install/butlerbot_navigation/share/butlerbot_navigation/environment/path.dsv
[4.326s] -- Installing: /home/thedush/Waypoint_Manager/install/butlerbot_navigation/share/butlerbot_navigation/local_setup.bash
[4.327s] -- Installing: /home/thedush/Waypoint_Manager/install/butlerbot_navigation/share/butlerbot_navigation/local_setup.sh
[4.327s] -- Installing: /home/thedush/Waypoint_Manager/install/butlerbot_navigation/share/butlerbot_navigation/local_setup.zsh
[4.327s] -- Installing: /home/thedush/Waypoint_Manager/install/butlerbot_navigation/share/butlerbot_navigation/local_setup.dsv
[4.327s] -- Installing: /home/thedush/Waypoint_Manager/install/butlerbot_navigation/share/butlerbot_navigation/package.dsv
[4.328s] -- Installing: /home/thedush/Waypoint_Manager/install/butlerbot_navigation/share/ament_index/resource_index/packages/butlerbot_navigation
[4.328s] -- Installing: /home/thedush/Waypoint_Manager/install/butlerbot_navigation/share/butlerbot_navigation/cmake/butlerbot_navigationConfig.cmake
[4.328s] -- Installing: /home/thedush/Waypoint_Manager/install/butlerbot_navigation/share/butlerbot_navigation/cmake/butlerbot_navigationConfig-version.cmake
[4.328s] -- Installing: /home/thedush/Waypoint_Manager/install/butlerbot_navigation/share/butlerbot_navigation/package.xml
[4.331s] Invoked command in '/home/thedush/Waypoint_Manager/build/butlerbot_navigation' returned '0': CMAKE_PREFIX_PATH=/opt/ros/humble /usr/bin/cmake --install /home/thedush/Waypoint_Manager/build/butlerbot_navigation
