[0.196s] DEBUG:colcon:Command line arguments: ['/usr/bin/colcon', 'build']
[0.196s] DEBUG:colcon:Parsed command line arguments: Namespace(log_base=None, log_level=None, verb_name='build', build_base='build', install_base='install', merge_install=False, symlink_install=False, test_result_base=None, continue_on_error=False, executor='parallel', parallel_workers=8, event_handlers=None, ignore_user_meta=False, metas=['./colcon.meta'], base_paths=['.'], packages_ignore=None, packages_ignore_regex=None, paths=None, packages_up_to=None, packages_up_to_regex=None, packages_above=None, packages_above_and_dependencies=None, packages_above_depth=None, packages_select_by_dep=None, packages_skip_by_dep=None, packages_skip_up_to=None, packages_select_build_failed=False, packages_skip_build_finished=False, packages_select_test_failures=False, packages_skip_test_passed=False, packages_select=None, packages_skip=None, packages_select_regex=None, packages_skip_regex=None, packages_start=None, packages_end=None, allow_overriding=[], cmake_args=None, cmake_target=None, cmake_target_skip_unavailable=False, cmake_clean_cache=False, cmake_clean_first=False, cmake_force_configure=False, ament_cmake_args=None, catkin_cmake_args=None, catkin_skip_building_tests=False, mixin_files=None, mixin=None, verb_parser=<colcon_mixin.mixin.mixin_argument.MixinArgumentDecorator object at 0x780748976110>, verb_extension=<colcon_core.verb.build.BuildVerb object at 0x780748975c60>, main=<bound method BuildVerb.main of <colcon_core.verb.build.BuildVerb object at 0x780748975c60>>, mixin_verb=('build',))
[0.853s] Level 1:colcon.colcon_core.package_discovery:discover_packages(colcon_meta) check parameters
[0.853s] Level 1:colcon.colcon_core.package_discovery:discover_packages(recursive) check parameters
[0.853s] Level 1:colcon.colcon_core.package_discovery:discover_packages(ignore) check parameters
[0.853s] Level 1:colcon.colcon_core.package_discovery:discover_packages(path) check parameters
[0.853s] Level 1:colcon.colcon_core.package_discovery:discover_packages(colcon_meta) discover
[0.853s] Level 1:colcon.colcon_core.package_discovery:discover_packages(recursive) discover
[0.853s] INFO:colcon.colcon_core.package_discovery:Crawling recursively for packages in '/home/thedush/Videos/ros2_ws'
[0.853s] Level 1:colcon.colcon_core.package_identification:_identify(.) by extensions ['ignore', 'ignore_ament_install']
[0.853s] Level 1:colcon.colcon_core.package_identification:_identify(.) by extension 'ignore'
[0.853s] Level 1:colcon.colcon_core.package_identification:_identify(.) by extension 'ignore_ament_install'
[0.853s] Level 1:colcon.colcon_core.package_identification:_identify(.) by extensions ['colcon_pkg']
[0.853s] Level 1:colcon.colcon_core.package_identification:_identify(.) by extension 'colcon_pkg'
[0.853s] Level 1:colcon.colcon_core.package_identification:_identify(.) by extensions ['colcon_meta']
[0.853s] Level 1:colcon.colcon_core.package_identification:_identify(.) by extension 'colcon_meta'
[0.853s] Level 1:colcon.colcon_core.package_identification:_identify(.) by extensions ['ros']
[0.853s] Level 1:colcon.colcon_core.package_identification:_identify(.) by extension 'ros'
[0.923s] Level 1:colcon.colcon_core.package_identification:_identify(.) by extensions ['cmake', 'python']
[0.923s] Level 1:colcon.colcon_core.package_identification:_identify(.) by extension 'cmake'
[0.924s] Level 1:colcon.colcon_core.package_identification:_identify(.) by extension 'python'
[0.924s] Level 1:colcon.colcon_core.package_identification:_identify(.) by extensions ['python_setup_py']
[0.924s] Level 1:colcon.colcon_core.package_identification:_identify(.) by extension 'python_setup_py'
[0.924s] Level 1:colcon.colcon_core.package_identification:_identify(build) by extensions ['ignore', 'ignore_ament_install']
[0.924s] Level 1:colcon.colcon_core.package_identification:_identify(build) by extension 'ignore'
[0.924s] Level 1:colcon.colcon_core.package_identification:_identify(build) ignored
[0.924s] Level 1:colcon.colcon_core.package_identification:_identify(install) by extensions ['ignore', 'ignore_ament_install']
[0.924s] Level 1:colcon.colcon_core.package_identification:_identify(install) by extension 'ignore'
[0.924s] Level 1:colcon.colcon_core.package_identification:_identify(install) ignored
[0.925s] Level 1:colcon.colcon_core.package_identification:_identify(log) by extensions ['ignore', 'ignore_ament_install']
[0.925s] Level 1:colcon.colcon_core.package_identification:_identify(log) by extension 'ignore'
[0.925s] Level 1:colcon.colcon_core.package_identification:_identify(log) ignored
[0.925s] Level 1:colcon.colcon_core.package_identification:_identify(src) by extensions ['ignore', 'ignore_ament_install']
[0.925s] Level 1:colcon.colcon_core.package_identification:_identify(src) by extension 'ignore'
[0.925s] Level 1:colcon.colcon_core.package_identification:_identify(src) by extension 'ignore_ament_install'
[0.925s] Level 1:colcon.colcon_core.package_identification:_identify(src) by extensions ['colcon_pkg']
[0.925s] Level 1:colcon.colcon_core.package_identification:_identify(src) by extension 'colcon_pkg'
[0.925s] Level 1:colcon.colcon_core.package_identification:_identify(src) by extensions ['colcon_meta']
[0.925s] Level 1:colcon.colcon_core.package_identification:_identify(src) by extension 'colcon_meta'
[0.925s] Level 1:colcon.colcon_core.package_identification:_identify(src) by extensions ['ros']
[0.925s] Level 1:colcon.colcon_core.package_identification:_identify(src) by extension 'ros'
[0.925s] Level 1:colcon.colcon_core.package_identification:_identify(src) by extensions ['cmake', 'python']
[0.925s] Level 1:colcon.colcon_core.package_identification:_identify(src) by extension 'cmake'
[0.925s] Level 1:colcon.colcon_core.package_identification:_identify(src) by extension 'python'
[0.925s] Level 1:colcon.colcon_core.package_identification:_identify(src) by extensions ['python_setup_py']
[0.926s] Level 1:colcon.colcon_core.package_identification:_identify(src) by extension 'python_setup_py'
[0.926s] Level 1:colcon.colcon_core.package_identification:_identify(src/cpp_node) by extensions ['ignore', 'ignore_ament_install']
[0.926s] Level 1:colcon.colcon_core.package_identification:_identify(src/cpp_node) by extension 'ignore'
[0.926s] Level 1:colcon.colcon_core.package_identification:_identify(src/cpp_node) by extension 'ignore_ament_install'
[0.926s] Level 1:colcon.colcon_core.package_identification:_identify(src/cpp_node) by extensions ['colcon_pkg']
[0.926s] Level 1:colcon.colcon_core.package_identification:_identify(src/cpp_node) by extension 'colcon_pkg'
[0.926s] Level 1:colcon.colcon_core.package_identification:_identify(src/cpp_node) by extensions ['colcon_meta']
[0.926s] Level 1:colcon.colcon_core.package_identification:_identify(src/cpp_node) by extension 'colcon_meta'
[0.926s] Level 1:colcon.colcon_core.package_identification:_identify(src/cpp_node) by extensions ['ros']
[0.926s] Level 1:colcon.colcon_core.package_identification:_identify(src/cpp_node) by extension 'ros'
[0.929s] DEBUG:colcon.colcon_core.package_identification:Package 'src/cpp_node' with type 'ros.ament_cmake' and name 'cpp_node'
[0.929s] Level 1:colcon.colcon_core.package_discovery:discover_packages(recursive) using defaults
[0.930s] Level 1:colcon.colcon_core.package_discovery:discover_packages(ignore) discover
[0.930s] Level 1:colcon.colcon_core.package_discovery:discover_packages(ignore) using defaults
[0.930s] Level 1:colcon.colcon_core.package_discovery:discover_packages(path) discover
[0.930s] Level 1:colcon.colcon_core.package_discovery:discover_packages(path) using defaults
[1.049s] Level 1:colcon.colcon_core.package_discovery:discover_packages(prefix_path) check parameters
[1.049s] Level 1:colcon.colcon_core.package_discovery:discover_packages(prefix_path) discover
[1.051s] DEBUG:colcon.colcon_installed_package_information.package_discovery:Found 273 installed packages in /opt/ros/humble
[1.052s] Level 1:colcon.colcon_core.package_discovery:discover_packages(prefix_path) using defaults
[1.075s] Level 5:colcon.colcon_core.verb:set package 'cpp_node' build argument 'cmake_args' from command line to 'None'
[1.075s] Level 5:colcon.colcon_core.verb:set package 'cpp_node' build argument 'cmake_target' from command line to 'None'
[1.075s] Level 5:colcon.colcon_core.verb:set package 'cpp_node' build argument 'cmake_target_skip_unavailable' from command line to 'False'
[1.075s] Level 5:colcon.colcon_core.verb:set package 'cpp_node' build argument 'cmake_clean_cache' from command line to 'False'
[1.075s] Level 5:colcon.colcon_core.verb:set package 'cpp_node' build argument 'cmake_clean_first' from command line to 'False'
[1.075s] Level 5:colcon.colcon_core.verb:set package 'cpp_node' build argument 'cmake_force_configure' from command line to 'False'
[1.075s] Level 5:colcon.colcon_core.verb:set package 'cpp_node' build argument 'ament_cmake_args' from command line to 'None'
[1.075s] Level 5:colcon.colcon_core.verb:set package 'cpp_node' build argument 'catkin_cmake_args' from command line to 'None'
[1.075s] Level 5:colcon.colcon_core.verb:set package 'cpp_node' build argument 'catkin_skip_building_tests' from command line to 'False'
[1.075s] DEBUG:colcon.colcon_core.verb:Building package 'cpp_node' with the following arguments: {'ament_cmake_args': None, 'build_base': '/home/thedush/Videos/ros2_ws/build/cpp_node', 'catkin_cmake_args': None, 'catkin_skip_building_tests': False, 'cmake_args': None, 'cmake_clean_cache': False, 'cmake_clean_first': False, 'cmake_force_configure': False, 'cmake_target': None, 'cmake_target_skip_unavailable': False, 'install_base': '/home/thedush/Videos/ros2_ws/install/cpp_node', 'merge_install': False, 'path': '/home/thedush/Videos/ros2_ws/src/cpp_node', 'symlink_install': False, 'test_result_base': None}
[1.075s] INFO:colcon.colcon_core.executor:Executing jobs using 'parallel' executor
[1.076s] DEBUG:colcon.colcon_parallel_executor.executor.parallel:run_until_complete
[1.076s] INFO:colcon.colcon_ros.task.ament_cmake.build:Building ROS package in '/home/thedush/Videos/ros2_ws/src/cpp_node' with build type 'ament_cmake'
[1.076s] INFO:colcon.colcon_cmake.task.cmake.build:Building CMake package in '/home/thedush/Videos/ros2_ws/src/cpp_node'
[1.077s] INFO:colcon.colcon_core.plugin_system:Skipping extension 'colcon_core.shell.bat': Not used on non-Windows systems
[1.078s] INFO:colcon.colcon_core.shell:Skip shell extension 'powershell' for command environment: Not usable outside of PowerShell
[1.078s] DEBUG:colcon.colcon_core.shell:Skip shell extension 'dsv' for command environment
[1.083s] DEBUG:colcon.colcon_core.event_handler.log_command:Invoking command in '/home/thedush/Videos/ros2_ws/build/cpp_node': CMAKE_PREFIX_PATH=/opt/ros/humble /usr/bin/cmake --build /home/thedush/Videos/ros2_ws/build/cpp_node -- -j8 -l8
[2.159s] DEBUG:colcon.colcon_core.event_handler.log_command:Invoked command in '/home/thedush/Videos/ros2_ws/build/cpp_node' returned '2': CMAKE_PREFIX_PATH=/opt/ros/humble /usr/bin/cmake --build /home/thedush/Videos/ros2_ws/build/cpp_node -- -j8 -l8
[2.159s] Level 1:colcon.colcon_core.environment:create_environment_scripts_only(cpp_node)
[2.234s] Level 1:colcon.colcon_core.environment:checking '/home/thedush/Videos/ros2_ws/install/cpp_node' for CMake module files
[2.235s] Level 1:colcon.colcon_core.environment:checking '/home/thedush/Videos/ros2_ws/install/cpp_node' for CMake config files
[2.236s] Level 1:colcon.colcon_core.environment:checking '/home/thedush/Videos/ros2_ws/install/cpp_node/bin'
[2.236s] Level 1:colcon.colcon_core.environment:checking '/home/thedush/Videos/ros2_ws/install/cpp_node/lib/pkgconfig/cpp_node.pc'
[2.236s] Level 1:colcon.colcon_core.environment:checking '/home/thedush/Videos/ros2_ws/install/cpp_node/lib/python3.10/site-packages'
[2.237s] Level 1:colcon.colcon_core.environment:checking '/home/thedush/Videos/ros2_ws/install/cpp_node/bin'
[2.237s] INFO:colcon.colcon_core.shell:Creating package script '/home/thedush/Videos/ros2_ws/install/cpp_node/share/cpp_node/package.ps1'
[2.238s] INFO:colcon.colcon_core.shell:Creating package descriptor '/home/thedush/Videos/ros2_ws/install/cpp_node/share/cpp_node/package.dsv'
[2.239s] INFO:colcon.colcon_core.shell:Creating package script '/home/thedush/Videos/ros2_ws/install/cpp_node/share/cpp_node/package.sh'
[2.241s] INFO:colcon.colcon_core.shell:Creating package script '/home/thedush/Videos/ros2_ws/install/cpp_node/share/cpp_node/package.bash'
[2.242s] INFO:colcon.colcon_core.shell:Creating package script '/home/thedush/Videos/ros2_ws/install/cpp_node/share/cpp_node/package.zsh'
[2.243s] Level 1:colcon.colcon_core.environment:create_file_with_runtime_dependencies(/home/thedush/Videos/ros2_ws/install/cpp_node/share/colcon-core/packages/cpp_node)
[2.254s] DEBUG:colcon.colcon_parallel_executor.executor.parallel:closing loop
[2.254s] DEBUG:colcon.colcon_parallel_executor.executor.parallel:loop closed
[2.254s] DEBUG:colcon.colcon_parallel_executor.executor.parallel:run_until_complete finished with '2'
[2.254s] DEBUG:colcon.colcon_core.event_reactor:joining thread
[2.305s] INFO:colcon.colcon_core.plugin_system:Skipping extension 'colcon_notification.desktop_notification.terminal_notifier': Not used on non-Darwin systems
[2.305s] INFO:colcon.colcon_core.plugin_system:Skipping extension 'colcon_notification.desktop_notification.win32': Not used on non-Windows systems
[2.305s] INFO:colcon.colcon_notification.desktop_notification:Sending desktop notification using 'notify2'
[2.323s] DEBUG:colcon.colcon_core.event_reactor:joined thread
[2.323s] INFO:colcon.colcon_core.shell:Creating prefix script '/home/thedush/Videos/ros2_ws/install/local_setup.ps1'
[2.324s] INFO:colcon.colcon_core.shell:Creating prefix util module '/home/thedush/Videos/ros2_ws/install/_local_setup_util_ps1.py'
[2.361s] INFO:colcon.colcon_core.shell:Creating prefix chain script '/home/thedush/Videos/ros2_ws/install/setup.ps1'
[2.363s] INFO:colcon.colcon_core.shell:Creating prefix script '/home/thedush/Videos/ros2_ws/install/local_setup.sh'
[2.364s] INFO:colcon.colcon_core.shell:Creating prefix util module '/home/thedush/Videos/ros2_ws/install/_local_setup_util_sh.py'
[2.365s] INFO:colcon.colcon_core.shell:Creating prefix chain script '/home/thedush/Videos/ros2_ws/install/setup.sh'
[2.366s] INFO:colcon.colcon_core.shell:Creating prefix script '/home/thedush/Videos/ros2_ws/install/local_setup.bash'
[2.367s] INFO:colcon.colcon_core.shell:Creating prefix chain script '/home/thedush/Videos/ros2_ws/install/setup.bash'
[2.368s] INFO:colcon.colcon_core.shell:Creating prefix script '/home/thedush/Videos/ros2_ws/install/local_setup.zsh'
[2.369s] INFO:colcon.colcon_core.shell:Creating prefix chain script '/home/thedush/Videos/ros2_ws/install/setup.zsh'
