[35m[1mConsolidate compiler generated dependencies of target waypoint_node[0m
[ 50%] [32mBuilding CXX object CMakeFiles/waypoint_node.dir/src/waypoint.cpp.o[0m
[01m[K/home/thedush/Videos/ros2_ws/src/cpp_node/src/waypoint.cpp:[m[K In member function ‘[01m[Kvoid WaypointManager::createWaypoint(bool, const string&)[m[K’:
[01m[K/home/thedush/Videos/ros2_ws/src/cpp_node/src/waypoint.cpp:68:10:[m[K [01;35m[Kwarning: [m[Kunused variable ‘[01m[Kx[m[K’ [[01;35m[K]8;;https://gcc.gnu.org/onlinedocs/gcc/Warning-Options.html#index-Wunused-variable-Wunused-variable]8;;[m[K]
   68 |   double [01;35m[Kx[m[K = current_pose_.position.x;
      |          [01;35m[K^[m[K
[01m[K/home/thedush/Videos/ros2_ws/src/cpp_node/src/waypoint.cpp:69:10:[m[K [01;35m[Kwarning: [m[Kunused variable ‘[01m[Ky[m[K’ [[01;35m[K]8;;https://gcc.gnu.org/onlinedocs/gcc/Warning-Options.html#index-Wunused-variable-Wunused-variable]8;;[m[K]
   69 |   double [01;35m[Ky[m[K = current_pose_.position.y;
      |          [01;35m[K^[m[K
[100%] [32m[1mLinking CXX executable waypoint_node[0m
[100%] Built target waypoint_node
-- Install configuration: ""
-- Installing: /home/thedush/Videos/ros2_ws/install/cpp_node/lib/cpp_node/waypoint_node
-- Set runtime path of "/home/thedush/Videos/ros2_ws/install/cpp_node/lib/cpp_node/waypoint_node" to ""
-- Up-to-date: /home/thedush/Videos/ros2_ws/install/cpp_node/share/ament_index/resource_index/package_run_dependencies/cpp_node
-- Up-to-date: /home/thedush/Videos/ros2_ws/install/cpp_node/share/ament_index/resource_index/parent_prefix_path/cpp_node
-- Up-to-date: /home/thedush/Videos/ros2_ws/install/cpp_node/share/cpp_node/environment/ament_prefix_path.sh
-- Up-to-date: /home/thedush/Videos/ros2_ws/install/cpp_node/share/cpp_node/environment/ament_prefix_path.dsv
-- Up-to-date: /home/thedush/Videos/ros2_ws/install/cpp_node/share/cpp_node/environment/path.sh
-- Up-to-date: /home/thedush/Videos/ros2_ws/install/cpp_node/share/cpp_node/environment/path.dsv
-- Up-to-date: /home/thedush/Videos/ros2_ws/install/cpp_node/share/cpp_node/local_setup.bash
-- Up-to-date: /home/thedush/Videos/ros2_ws/install/cpp_node/share/cpp_node/local_setup.sh
-- Up-to-date: /home/thedush/Videos/ros2_ws/install/cpp_node/share/cpp_node/local_setup.zsh
-- Up-to-date: /home/thedush/Videos/ros2_ws/install/cpp_node/share/cpp_node/local_setup.dsv
-- Installing: /home/thedush/Videos/ros2_ws/install/cpp_node/share/cpp_node/package.dsv
-- Up-to-date: /home/thedush/Videos/ros2_ws/install/cpp_node/share/ament_index/resource_index/packages/cpp_node
-- Up-to-date: /home/thedush/Videos/ros2_ws/install/cpp_node/share/cpp_node/cmake/cpp_nodeConfig.cmake
-- Up-to-date: /home/thedush/Videos/ros2_ws/install/cpp_node/share/cpp_node/cmake/cpp_nodeConfig-version.cmake
-- Up-to-date: /home/thedush/Videos/ros2_ws/install/cpp_node/share/cpp_node/package.xml
