[0.056s] Invoking command in '/home/thedush/Waypoint_Manager/build/butlerbot_localization': CMAKE_PREFIX_PATH=/opt/ros/humble /usr/bin/cmake /home/thedush/Waypoint_Manager/ROS-Assignment/src/butlerbot_localization -DCMAKE_INSTALL_PREFIX=/home/thedush/Waypoint_Manager/install/butlerbot_localization
[1.855s] -- The C compiler identification is GNU 11.4.0
[2.616s] -- The CXX compiler identification is GNU 11.4.0
[2.648s] -- Detecting C compiler ABI info
[2.880s] -- Detecting C compiler ABI info - done
[2.888s] -- Check for working C compiler: /usr/bin/cc - skipped
[2.888s] -- Detecting C compile features
[2.916s] -- Detecting C compile features - done
[2.928s] -- Detecting CXX compiler ABI info
[3.053s] -- Detecting CXX compiler ABI info - done
[3.060s] -- Check for working CXX compiler: /usr/bin/c++ - skipped
[3.060s] -- Detecting CXX compile features
[3.060s] -- Detecting CXX compile features - done
[3.168s] -- Found ament_cmake: 1.3.11 (/opt/ros/humble/share/ament_cmake/cmake)
[3.552s] -- Found Python3: /usr/bin/python3 (found version "3.10.12") found components: Interpreter 
[4.031s] -- Configuring done
[4.034s] -- Generating done
[4.037s] -- Build files have been written to: /home/thedush/Waypoint_Manager/build/butlerbot_localization
[4.046s] Invoked command in '/home/thedush/Waypoint_Manager/build/butlerbot_localization' returned '0': CMAKE_PREFIX_PATH=/opt/ros/humble /usr/bin/cmake /home/thedush/Waypoint_Manager/ROS-Assignment/src/butlerbot_localization -DCMAKE_INSTALL_PREFIX=/home/thedush/Waypoint_Manager/install/butlerbot_localization
[4.048s] Invoking command in '/home/thedush/Waypoint_Manager/build/butlerbot_localization': CMAKE_PREFIX_PATH=/opt/ros/humble /usr/bin/cmake --build /home/thedush/Waypoint_Manager/build/butlerbot_localization -- -j8 -l8
[4.113s] Invoked command in '/home/thedush/Waypoint_Manager/build/butlerbot_localization' returned '0': CMAKE_PREFIX_PATH=/opt/ros/humble /usr/bin/cmake --build /home/thedush/Waypoint_Manager/build/butlerbot_localization -- -j8 -l8
[4.115s] Invoking command in '/home/thedush/Waypoint_Manager/build/butlerbot_localization': CMAKE_PREFIX_PATH=/opt/ros/humble /usr/bin/cmake --install /home/thedush/Waypoint_Manager/build/butlerbot_localization
[4.126s] -- Install configuration: ""
[4.126s] -- Installing: /home/thedush/Waypoint_Manager/install/butlerbot_localization/share/butlerbot_localization/config
[4.197s] -- Installing: /home/thedush/Waypoint_Manager/install/butlerbot_localization/share/butlerbot_localization/config/localization.yaml
[4.207s] -- Installing: /home/thedush/Waypoint_Manager/install/butlerbot_localization/share/butlerbot_localization/config/mapper_params_online_async_localization.yaml
[4.208s] -- Installing: /home/thedush/Waypoint_Manager/install/butlerbot_localization/share/butlerbot_localization/config/mapper_params_online_sync_mapping.yaml
[4.208s] -- Installing: /home/thedush/Waypoint_Manager/install/butlerbot_localization/share/butlerbot_localization/config/mapper_params_online_async_mapping.yaml
[4.208s] -- Installing: /home/thedush/Waypoint_Manager/install/butlerbot_localization/share/butlerbot_localization/config/mapper_params_online_sync_localization.yaml
[4.209s] -- Installing: /home/thedush/Waypoint_Manager/install/butlerbot_localization/share/butlerbot_localization/config/ekf.yaml
[4.209s] -- Installing: /home/thedush/Waypoint_Manager/install/butlerbot_localization/share/butlerbot_localization/launch
[4.210s] -- Installing: /home/thedush/Waypoint_Manager/install/butlerbot_localization/share/butlerbot_localization/launch/slam_online_async.launch.py
[4.210s] -- Installing: /home/thedush/Waypoint_Manager/install/butlerbot_localization/share/butlerbot_localization/launch/slam_online_sync.launch.py
[4.211s] -- Installing: /home/thedush/Waypoint_Manager/install/butlerbot_localization/share/butlerbot_localization/launch/amcl.launch.py
[4.211s] -- Installing: /home/thedush/Waypoint_Manager/install/butlerbot_localization/share/butlerbot_localization/launch/localization.launch.py
[4.211s] -- Installing: /home/thedush/Waypoint_Manager/install/butlerbot_localization/share/butlerbot_localization/launch/ekf.launch.py
[4.211s] -- Installing: /home/thedush/Waypoint_Manager/install/butlerbot_localization/share/butlerbot_localization/maps
[4.212s] -- Installing: /home/thedush/Waypoint_Manager/install/butlerbot_localization/share/butlerbot_localization/maps/cafe_map1.yaml
[4.212s] -- Installing: /home/thedush/Waypoint_Manager/install/butlerbot_localization/share/butlerbot_localization/maps/cafe_serialmap1.data
[4.301s] -- Installing: /home/thedush/Waypoint_Manager/install/butlerbot_localization/share/butlerbot_localization/maps/map1.yaml
[4.325s] -- Installing: /home/thedush/Waypoint_Manager/install/butlerbot_localization/share/butlerbot_localization/maps/cafe_rmf_serialized.data
[4.843s] -- Installing: /home/thedush/Waypoint_Manager/install/butlerbot_localization/share/butlerbot_localization/maps/map1.pgm
[4.870s] -- Installing: /home/thedush/Waypoint_Manager/install/butlerbot_localization/share/butlerbot_localization/maps/map2.pgm
[4.870s] -- Installing: /home/thedush/Waypoint_Manager/install/butlerbot_localization/share/butlerbot_localization/maps/cafe_map1.pgm
[4.871s] -- Installing: /home/thedush/Waypoint_Manager/install/butlerbot_localization/share/butlerbot_localization/maps/cafe_rmf_serialized.posegraph
[5.493s] -- Installing: /home/thedush/Waypoint_Manager/install/butlerbot_localization/share/butlerbot_localization/maps/map2.yaml
[5.494s] -- Installing: /home/thedush/Waypoint_Manager/install/butlerbot_localization/share/butlerbot_localization/maps/cafe_serialmap1.posegraph
[6.022s] -- Installing: /home/thedush/Waypoint_Manager/install/butlerbot_localization/share/butlerbot_localization/maps/cafe_rmf.pgm
[6.023s] -- Installing: /home/thedush/Waypoint_Manager/install/butlerbot_localization/share/butlerbot_localization/maps/cafe_rmf.yaml
[6.023s] -- Installing: /home/thedush/Waypoint_Manager/install/butlerbot_localization/share/butlerbot_localization/rviz
[6.087s] -- Installing: /home/thedush/Waypoint_Manager/install/butlerbot_localization/share/butlerbot_localization/rviz/slam.rviz
[6.087s] -- Installing: /home/thedush/Waypoint_Manager/install/butlerbot_localization/share/ament_index/resource_index/package_run_dependencies/butlerbot_localization
[6.088s] -- Installing: /home/thedush/Waypoint_Manager/install/butlerbot_localization/share/ament_index/resource_index/parent_prefix_path/butlerbot_localization
[6.088s] -- Installing: /home/thedush/Waypoint_Manager/install/butlerbot_localization/share/butlerbot_localization/environment/ament_prefix_path.sh
[6.088s] -- Installing: /home/thedush/Waypoint_Manager/install/butlerbot_localization/share/butlerbot_localization/environment/ament_prefix_path.dsv
[6.088s] -- Installing: /home/thedush/Waypoint_Manager/install/butlerbot_localization/share/butlerbot_localization/environment/path.sh
[6.088s] -- Installing: /home/thedush/Waypoint_Manager/install/butlerbot_localization/share/butlerbot_localization/environment/path.dsv
[6.088s] -- Installing: /home/thedush/Waypoint_Manager/install/butlerbot_localization/share/butlerbot_localization/local_setup.bash
[6.089s] -- Installing: /home/thedush/Waypoint_Manager/install/butlerbot_localization/share/butlerbot_localization/local_setup.sh
[6.089s] -- Installing: /home/thedush/Waypoint_Manager/install/butlerbot_localization/share/butlerbot_localization/local_setup.zsh
[6.089s] -- Installing: /home/thedush/Waypoint_Manager/install/butlerbot_localization/share/butlerbot_localization/local_setup.dsv
[6.089s] -- Installing: /home/thedush/Waypoint_Manager/install/butlerbot_localization/share/butlerbot_localization/package.dsv
[6.089s] -- Installing: /home/thedush/Waypoint_Manager/install/butlerbot_localization/share/ament_index/resource_index/packages/butlerbot_localization
[6.089s] -- Installing: /home/thedush/Waypoint_Manager/install/butlerbot_localization/share/butlerbot_localization/cmake/butlerbot_localizationConfig.cmake
[6.090s] -- Installing: /home/thedush/Waypoint_Manager/install/butlerbot_localization/share/butlerbot_localization/cmake/butlerbot_localizationConfig-version.cmake
[6.090s] -- Installing: /home/thedush/Waypoint_Manager/install/butlerbot_localization/share/butlerbot_localization/package.xml
[6.093s] Invoked command in '/home/thedush/Waypoint_Manager/build/butlerbot_localization' returned '0': CMAKE_PREFIX_PATH=/opt/ros/humble /usr/bin/cmake --install /home/thedush/Waypoint_Manager/build/butlerbot_localization
