[01m[K/home/thedush/Videos/ros2_ws/src/cpp_node/src/waypoint.cpp:[m[K In member function ‘[01m[Kvoid WaypointManager::createWaypoint(bool, const string&)[m[K’:
[01m[K/home/thedush/Videos/ros2_ws/src/cpp_node/src/waypoint.cpp:50:21:[m[K [01;31m[Kerror: [m[K‘[01m[KgetYaw[m[K’ is not a member of ‘[01m[Ktf2[m[K’
   50 |   double yaw = tf2::[01;31m[KgetYaw[m[K(last_pose_.orientation);
      |                     [01;31m[K^~~~~~[m[K
[01m[K/home/thedush/Videos/ros2_ws/src/cpp_node/src/waypoint.cpp:[m[K In member function ‘[01m[Kvoid WaypointManager::timerCallback()[m[K’:
[01m[K/home/thedush/Videos/ros2_ws/src/cpp_node/src/waypoint.cpp:81:35:[m[K [01;31m[Kerror: [m[K‘[01m[KtoMsg[m[K’ is not a member of ‘[01m[Ktf2[m[K’
   81 |   last_wp_pose.orientation = tf2::[01;31m[KtoMsg[m[K(q);
      |                                   [01;31m[K^~~~~[m[K
[01m[K/home/thedush/Videos/ros2_ws/src/cpp_node/src/waypoint.cpp:[m[K In member function ‘[01m[Kdouble WaypointManager::calculateYawDifference(const Pose&, const Pose&)[m[K’:
[01m[K/home/thedush/Videos/ros2_ws/src/cpp_node/src/waypoint.cpp:105:22:[m[K [01;31m[Kerror: [m[K‘[01m[KgetYaw[m[K’ is not a member of ‘[01m[Ktf2[m[K’
  105 |   double yaw1 = tf2::[01;31m[KgetYaw[m[K(p1.orientation);
      |                      [01;31m[K^~~~~~[m[K
[01m[K/home/thedush/Videos/ros2_ws/src/cpp_node/src/waypoint.cpp:106:22:[m[K [01;31m[Kerror: [m[K‘[01m[KgetYaw[m[K’ is not a member of ‘[01m[Ktf2[m[K’
  106 |   double yaw2 = tf2::[01;31m[KgetYaw[m[K(p2.orientation);
      |                      [01;31m[K^~~~~~[m[K
[01m[K/home/thedush/Videos/ros2_ws/src/cpp_node/src/waypoint.cpp:[m[K At global scope:
[01m[K/home/thedush/Videos/ros2_ws/src/cpp_node/src/waypoint.cpp:173:5:[m[K [01;31m[Kerror: [m[Kredefinition of ‘[01m[Kint main(int, char**)[m[K’
  173 | int [01;31m[Kmain[m[K(int argc, char **argv)
      |     [01;31m[K^~~~[m[K
[01m[K/home/thedush/Videos/ros2_ws/src/cpp_node/src/waypoint.cpp:165:5:[m[K [01;36m[Knote: [m[K‘[01m[Kint main(int, char**)[m[K’ previously defined here
  165 | int [01;36m[Kmain[m[K(int argc, char **argv)
      |     [01;36m[K^~~~[m[K
gmake[2]: *** [CMakeFiles/waypoint_node.dir/build.make:76: CMakeFiles/waypoint_node.dir/src/waypoint.cpp.o] Error 1
gmake[1]: *** [CMakeFiles/Makefile2:137: CMakeFiles/waypoint_node.dir/all] Error 2
gmake: *** [Makefile:146: all] Error 2
