[0.052s] Invoking command in '/home/thedush/Waypoint_Manager/build/cpp_node': CMAKE_PREFIX_PATH=/opt/ros/humble /usr/bin/cmake /home/thedush/Waypoint_Manager/ROS-Assignment/src/ros2_ws/src/cpp_node -DCMAKE_INSTALL_PREFIX=/home/thedush/Waypoint_Manager/install/cpp_node
[1.841s] -- The C compiler identification is GNU 11.4.0
[2.601s] -- The CXX compiler identification is GNU 11.4.0
[2.633s] -- Detecting C compiler ABI info
[2.866s] -- Detecting C compiler ABI info - done
[2.875s] -- Check for working C compiler: /usr/bin/cc - skipped
[2.875s] -- Detecting C compile features
[2.902s] -- Detecting C compile features - done
[2.915s] -- Detecting CXX compiler ABI info
[3.052s] -- Detecting CXX compiler ABI info - done
[3.058s] -- Check for working CXX compiler: /usr/bin/c++ - skipped
[3.058s] -- Detecting CXX compile features
[3.058s] -- Detecting CXX compile features - done
[3.153s] -- Found ament_cmake: 1.3.11 (/opt/ros/humble/share/ament_cmake/cmake)
[3.539s] -- Found Python3: /usr/bin/python3 (found version "3.10.12") found components: Interpreter 
[4.061s] -- Found rclcpp: 16.0.12 (/opt/ros/humble/share/rclcpp/cmake)
[5.063s] -- Found rosidl_generator_c: 3.1.6 (/opt/ros/humble/share/rosidl_generator_c/cmake)
[5.089s] -- Found rosidl_adapter: 3.1.6 (/opt/ros/humble/share/rosidl_adapter/cmake)
[5.200s] -- Found rosidl_generator_cpp: 3.1.6 (/opt/ros/humble/share/rosidl_generator_cpp/cmake)
[5.335s] -- Using all available rosidl_typesupport_c: rosidl_typesupport_fastrtps_c;rosidl_typesupport_introspection_c
[5.725s] -- Using all available rosidl_typesupport_cpp: rosidl_typesupport_fastrtps_cpp;rosidl_typesupport_introspection_cpp
[6.714s] -- Found rmw_implementation_cmake: 6.1.2 (/opt/ros/humble/share/rmw_implementation_cmake/cmake)
[6.722s] -- Found rmw_fastrtps_cpp: 6.2.7 (/opt/ros/humble/share/rmw_fastrtps_cpp/cmake)
[8.053s] -- Found OpenSSL: /usr/lib/x86_64-linux-gnu/libcrypto.so (found version "3.0.2")  
[8.105s] -- Found FastRTPS: /opt/ros/humble/include  
[8.191s] -- Using RMW implementation 'rmw_fastrtps_cpp' as default
[8.724s] -- Looking for pthread.h
[9.943s] -- Looking for pthread.h - found
[9.944s] -- Performing Test CMAKE_HAVE_LIBC_PTHREAD
[10.114s] -- Performing Test CMAKE_HAVE_LIBC_PTHREAD - Success
[10.115s] -- Found Threads: TRUE  
[10.583s] -- Found geometry_msgs: 4.8.0 (/opt/ros/humble/share/geometry_msgs/cmake)
[10.739s] -- Found sensor_msgs: 4.8.0 (/opt/ros/humble/share/sensor_msgs/cmake)
[11.257s] -- Found nav_msgs: 4.8.0 (/opt/ros/humble/share/nav_msgs/cmake)
[11.372s] -- Found rosidl_default_generators: 1.2.0 (/opt/ros/humble/share/rosidl_default_generators/cmake)
[11.593s] -- Found tf2: 0.25.12 (/opt/ros/humble/share/tf2/cmake)
[11.777s] -- Found tf2_ros: 0.25.12 (/opt/ros/humble/share/tf2_ros/cmake)
[12.502s] -- Found tf2_geometry_msgs: 0.25.12 (/opt/ros/humble/share/tf2_geometry_msgs/cmake)
[12.809s] -- Found eigen3_cmake_module: 0.1.1 (/opt/ros/humble/share/eigen3_cmake_module/cmake)
[12.835s] -- Found Eigen3: TRUE (found version "3.4.0") 
[12.835s] -- Ensuring Eigen3 include directory is part of orocos-kdl CMake target
[12.879s] -- Found nav2_msgs: 1.1.18 (/opt/ros/humble/share/nav2_msgs/cmake)
[13.047s] -- Found visualization_msgs: 4.8.0 (/opt/ros/humble/share/visualization_msgs/cmake)
[13.123s] -- Found nlohmann_json: /usr/lib/cmake/nlohmann_json/nlohmann_jsonConfig.cmake (found version "3.10.5") 
[13.260s] -- Found std_srvs: 4.8.0 (/opt/ros/humble/share/std_srvs/cmake)
[13.439s] -- Found ament_lint_auto: 0.12.12 (/opt/ros/humble/share/ament_lint_auto/cmake)
[14.235s] -- Added test 'cppcheck' to perform static code analysis on C / C++ code
[14.235s] -- Configured cppcheck include dirs: /home/thedush/Waypoint_Manager/ROS-Assignment/src/ros2_ws/src/cpp_node/include
[14.235s] -- Configured cppcheck exclude dirs and/or files: 
[14.252s] -- Added test 'lint_cmake' to check CMake code style
[14.254s] -- Added test 'uncrustify' to check C / C++ code style
[14.254s] -- Configured uncrustify additional arguments: 
[14.255s] -- Added test 'xmllint' to check XML markup files
[14.256s] -- Configuring done
[14.366s] -- Generating done
[14.374s] -- Build files have been written to: /home/thedush/Waypoint_Manager/build/cpp_node
[14.384s] Invoked command in '/home/thedush/Waypoint_Manager/build/cpp_node' returned '0': CMAKE_PREFIX_PATH=/opt/ros/humble /usr/bin/cmake /home/thedush/Waypoint_Manager/ROS-Assignment/src/ros2_ws/src/cpp_node -DCMAKE_INSTALL_PREFIX=/home/thedush/Waypoint_Manager/install/cpp_node
[14.385s] Invoking command in '/home/thedush/Waypoint_Manager/build/cpp_node': CMAKE_PREFIX_PATH=/opt/ros/humble /usr/bin/cmake --build /home/thedush/Waypoint_Manager/build/cpp_node -- -j8 -l8
[14.424s] [ 50%] [32mBuilding CXX object CMakeFiles/waypoint_node.dir/src/waypoint.cpp.o[0m
[32.132s] [100%] [32m[1mLinking CXX executable waypoint_node[0m
[37.331s] [100%] Built target waypoint_node
[37.338s] Invoked command in '/home/thedush/Waypoint_Manager/build/cpp_node' returned '0': CMAKE_PREFIX_PATH=/opt/ros/humble /usr/bin/cmake --build /home/thedush/Waypoint_Manager/build/cpp_node -- -j8 -l8
[37.339s] Invoking command in '/home/thedush/Waypoint_Manager/build/cpp_node': CMAKE_PREFIX_PATH=/opt/ros/humble /usr/bin/cmake --install /home/thedush/Waypoint_Manager/build/cpp_node
[37.344s] -- Install configuration: ""
[37.344s] -- Installing: /home/thedush/Waypoint_Manager/install/cpp_node/lib/cpp_node/waypoint_node
[37.346s] -- Set runtime path of "/home/thedush/Waypoint_Manager/install/cpp_node/lib/cpp_node/waypoint_node" to ""
[37.346s] -- Installing: /home/thedush/Waypoint_Manager/install/cpp_node/share/ament_index/resource_index/package_run_dependencies/cpp_node
[37.346s] -- Installing: /home/thedush/Waypoint_Manager/install/cpp_node/share/ament_index/resource_index/parent_prefix_path/cpp_node
[37.347s] -- Installing: /home/thedush/Waypoint_Manager/install/cpp_node/share/cpp_node/environment/ament_prefix_path.sh
[37.347s] -- Installing: /home/thedush/Waypoint_Manager/install/cpp_node/share/cpp_node/environment/ament_prefix_path.dsv
[37.347s] -- Installing: /home/thedush/Waypoint_Manager/install/cpp_node/share/cpp_node/environment/path.sh
[37.347s] -- Installing: /home/thedush/Waypoint_Manager/install/cpp_node/share/cpp_node/environment/path.dsv
[37.347s] -- Installing: /home/thedush/Waypoint_Manager/install/cpp_node/share/cpp_node/local_setup.bash
[37.347s] -- Installing: /home/thedush/Waypoint_Manager/install/cpp_node/share/cpp_node/local_setup.sh
[37.347s] -- Installing: /home/thedush/Waypoint_Manager/install/cpp_node/share/cpp_node/local_setup.zsh
[37.347s] -- Installing: /home/thedush/Waypoint_Manager/install/cpp_node/share/cpp_node/local_setup.dsv
[37.347s] -- Installing: /home/thedush/Waypoint_Manager/install/cpp_node/share/cpp_node/package.dsv
[37.347s] -- Installing: /home/thedush/Waypoint_Manager/install/cpp_node/share/ament_index/resource_index/packages/cpp_node
[37.347s] -- Installing: /home/thedush/Waypoint_Manager/install/cpp_node/share/cpp_node/cmake/cpp_nodeConfig.cmake
[37.347s] -- Installing: /home/thedush/Waypoint_Manager/install/cpp_node/share/cpp_node/cmake/cpp_nodeConfig-version.cmake
[37.347s] -- Installing: /home/thedush/Waypoint_Manager/install/cpp_node/share/cpp_node/package.xml
[37.349s] Invoked command in '/home/thedush/Waypoint_Manager/build/cpp_node' returned '0': CMAKE_PREFIX_PATH=/opt/ros/humble /usr/bin/cmake --install /home/thedush/Waypoint_Manager/build/cpp_node
