[0.115s] DEBUG:colcon:Command line arguments: ['/usr/bin/colcon', 'build']
[0.115s] DEBUG:colcon:Parsed command line arguments: Namespace(log_base=None, log_level=None, verb_name='build', build_base='build', install_base='install', merge_install=False, symlink_install=False, test_result_base=None, continue_on_error=False, executor='parallel', parallel_workers=8, event_handlers=None, ignore_user_meta=False, metas=['./colcon.meta'], base_paths=['.'], packages_ignore=None, packages_ignore_regex=None, paths=None, packages_up_to=None, packages_up_to_regex=None, packages_above=None, packages_above_and_dependencies=None, packages_above_depth=None, packages_select_by_dep=None, packages_skip_by_dep=None, packages_skip_up_to=None, packages_select_build_failed=False, packages_skip_build_finished=False, packages_select_test_failures=False, packages_skip_test_passed=False, packages_select=None, packages_skip=None, packages_select_regex=None, packages_skip_regex=None, packages_start=None, packages_end=None, allow_overriding=[], cmake_args=None, cmake_target=None, cmake_target_skip_unavailable=False, cmake_clean_cache=False, cmake_clean_first=False, cmake_force_configure=False, ament_cmake_args=None, catkin_cmake_args=None, catkin_skip_building_tests=False, mixin_files=None, mixin=None, verb_parser=<colcon_mixin.mixin.mixin_argument.MixinArgumentDecorator object at 0x7e3eeadd28f0>, verb_extension=<colcon_core.verb.build.BuildVerb object at 0x7e3eeadd2440>, main=<bound method BuildVerb.main of <colcon_core.verb.build.BuildVerb object at 0x7e3eeadd2440>>, mixin_verb=('build',))
[0.295s] Level 1:colcon.colcon_core.package_discovery:discover_packages(colcon_meta) check parameters
[0.295s] Level 1:colcon.colcon_core.package_discovery:discover_packages(recursive) check parameters
[0.295s] Level 1:colcon.colcon_core.package_discovery:discover_packages(ignore) check parameters
[0.295s] Level 1:colcon.colcon_core.package_discovery:discover_packages(path) check parameters
[0.295s] Level 1:colcon.colcon_core.package_discovery:discover_packages(colcon_meta) discover
[0.295s] Level 1:colcon.colcon_core.package_discovery:discover_packages(recursive) discover
[0.295s] INFO:colcon.colcon_core.package_discovery:Crawling recursively for packages in '/home/thedush/Videos/ros2_ws'
[0.295s] Level 1:colcon.colcon_core.package_identification:_identify(.) by extensions ['ignore', 'ignore_ament_install']
[0.295s] Level 1:colcon.colcon_core.package_identification:_identify(.) by extension 'ignore'
[0.295s] Level 1:colcon.colcon_core.package_identification:_identify(.) by extension 'ignore_ament_install'
[0.295s] Level 1:colcon.colcon_core.package_identification:_identify(.) by extensions ['colcon_pkg']
[0.296s] Level 1:colcon.colcon_core.package_identification:_identify(.) by extension 'colcon_pkg'
[0.296s] Level 1:colcon.colcon_core.package_identification:_identify(.) by extensions ['colcon_meta']
[0.296s] Level 1:colcon.colcon_core.package_identification:_identify(.) by extension 'colcon_meta'
[0.296s] Level 1:colcon.colcon_core.package_identification:_identify(.) by extensions ['ros']
[0.296s] Level 1:colcon.colcon_core.package_identification:_identify(.) by extension 'ros'
[0.309s] Level 1:colcon.colcon_core.package_identification:_identify(.) by extensions ['cmake', 'python']
[0.309s] Level 1:colcon.colcon_core.package_identification:_identify(.) by extension 'cmake'
[0.309s] Level 1:colcon.colcon_core.package_identification:_identify(.) by extension 'python'
[0.310s] Level 1:colcon.colcon_core.package_identification:_identify(.) by extensions ['python_setup_py']
[0.310s] Level 1:colcon.colcon_core.package_identification:_identify(.) by extension 'python_setup_py'
[0.310s] Level 1:colcon.colcon_core.package_identification:_identify(build) by extensions ['ignore', 'ignore_ament_install']
[0.310s] Level 1:colcon.colcon_core.package_identification:_identify(build) by extension 'ignore'
[0.310s] Level 1:colcon.colcon_core.package_identification:_identify(build) ignored
[0.310s] Level 1:colcon.colcon_core.package_identification:_identify(install) by extensions ['ignore', 'ignore_ament_install']
[0.310s] Level 1:colcon.colcon_core.package_identification:_identify(install) by extension 'ignore'
[0.310s] Level 1:colcon.colcon_core.package_identification:_identify(install) ignored
[0.310s] Level 1:colcon.colcon_core.package_identification:_identify(log) by extensions ['ignore', 'ignore_ament_install']
[0.310s] Level 1:colcon.colcon_core.package_identification:_identify(log) by extension 'ignore'
[0.310s] Level 1:colcon.colcon_core.package_identification:_identify(log) ignored
[0.310s] Level 1:colcon.colcon_core.package_identification:_identify(src) by extensions ['ignore', 'ignore_ament_install']
[0.310s] Level 1:colcon.colcon_core.package_identification:_identify(src) by extension 'ignore'
[0.310s] Level 1:colcon.colcon_core.package_identification:_identify(src) by extension 'ignore_ament_install'
[0.310s] Level 1:colcon.colcon_core.package_identification:_identify(src) by extensions ['colcon_pkg']
[0.310s] Level 1:colcon.colcon_core.package_identification:_identify(src) by extension 'colcon_pkg'
[0.311s] Level 1:colcon.colcon_core.package_identification:_identify(src) by extensions ['colcon_meta']
[0.311s] Level 1:colcon.colcon_core.package_identification:_identify(src) by extension 'colcon_meta'
[0.311s] Level 1:colcon.colcon_core.package_identification:_identify(src) by extensions ['ros']
[0.311s] Level 1:colcon.colcon_core.package_identification:_identify(src) by extension 'ros'
[0.311s] Level 1:colcon.colcon_core.package_identification:_identify(src) by extensions ['cmake', 'python']
[0.311s] Level 1:colcon.colcon_core.package_identification:_identify(src) by extension 'cmake'
[0.311s] Level 1:colcon.colcon_core.package_identification:_identify(src) by extension 'python'
[0.311s] Level 1:colcon.colcon_core.package_identification:_identify(src) by extensions ['python_setup_py']
[0.311s] Level 1:colcon.colcon_core.package_identification:_identify(src) by extension 'python_setup_py'
[0.311s] Level 1:colcon.colcon_core.package_identification:_identify(src/cpp_node) by extensions ['ignore', 'ignore_ament_install']
[0.311s] Level 1:colcon.colcon_core.package_identification:_identify(src/cpp_node) by extension 'ignore'
[0.311s] Level 1:colcon.colcon_core.package_identification:_identify(src/cpp_node) by extension 'ignore_ament_install'
[0.311s] Level 1:colcon.colcon_core.package_identification:_identify(src/cpp_node) by extensions ['colcon_pkg']
[0.311s] Level 1:colcon.colcon_core.package_identification:_identify(src/cpp_node) by extension 'colcon_pkg'
[0.311s] Level 1:colcon.colcon_core.package_identification:_identify(src/cpp_node) by extensions ['colcon_meta']
[0.311s] Level 1:colcon.colcon_core.package_identification:_identify(src/cpp_node) by extension 'colcon_meta'
[0.311s] Level 1:colcon.colcon_core.package_identification:_identify(src/cpp_node) by extensions ['ros']
[0.311s] Level 1:colcon.colcon_core.package_identification:_identify(src/cpp_node) by extension 'ros'
[0.315s] DEBUG:colcon.colcon_core.package_identification:Package 'src/cpp_node' with type 'ros.ament_cmake' and name 'cpp_node'
[0.315s] Level 1:colcon.colcon_core.package_discovery:discover_packages(recursive) using defaults
[0.315s] Level 1:colcon.colcon_core.package_discovery:discover_packages(ignore) discover
[0.315s] Level 1:colcon.colcon_core.package_discovery:discover_packages(ignore) using defaults
[0.315s] Level 1:colcon.colcon_core.package_discovery:discover_packages(path) discover
[0.315s] Level 1:colcon.colcon_core.package_discovery:discover_packages(path) using defaults
[0.351s] Level 1:colcon.colcon_core.package_discovery:discover_packages(prefix_path) check parameters
[0.351s] Level 1:colcon.colcon_core.package_discovery:discover_packages(prefix_path) discover
[0.353s] DEBUG:colcon.colcon_installed_package_information.package_discovery:Found 1 installed packages in /home/thedush/Videos/ros2_ws/install
[0.354s] DEBUG:colcon.colcon_installed_package_information.package_discovery:Found 327 installed packages in /opt/ros/humble
[0.356s] Level 1:colcon.colcon_core.package_discovery:discover_packages(prefix_path) using defaults
[0.402s] Level 5:colcon.colcon_core.verb:set package 'cpp_node' build argument 'cmake_args' from command line to 'None'
[0.403s] Level 5:colcon.colcon_core.verb:set package 'cpp_node' build argument 'cmake_target' from command line to 'None'
[0.403s] Level 5:colcon.colcon_core.verb:set package 'cpp_node' build argument 'cmake_target_skip_unavailable' from command line to 'False'
[0.403s] Level 5:colcon.colcon_core.verb:set package 'cpp_node' build argument 'cmake_clean_cache' from command line to 'False'
[0.403s] Level 5:colcon.colcon_core.verb:set package 'cpp_node' build argument 'cmake_clean_first' from command line to 'False'
[0.403s] Level 5:colcon.colcon_core.verb:set package 'cpp_node' build argument 'cmake_force_configure' from command line to 'False'
[0.403s] Level 5:colcon.colcon_core.verb:set package 'cpp_node' build argument 'ament_cmake_args' from command line to 'None'
[0.403s] Level 5:colcon.colcon_core.verb:set package 'cpp_node' build argument 'catkin_cmake_args' from command line to 'None'
[0.403s] Level 5:colcon.colcon_core.verb:set package 'cpp_node' build argument 'catkin_skip_building_tests' from command line to 'False'
[0.403s] DEBUG:colcon.colcon_core.verb:Building package 'cpp_node' with the following arguments: {'ament_cmake_args': None, 'build_base': '/home/thedush/Videos/ros2_ws/build/cpp_node', 'catkin_cmake_args': None, 'catkin_skip_building_tests': False, 'cmake_args': None, 'cmake_clean_cache': False, 'cmake_clean_first': False, 'cmake_force_configure': False, 'cmake_target': None, 'cmake_target_skip_unavailable': False, 'install_base': '/home/thedush/Videos/ros2_ws/install/cpp_node', 'merge_install': False, 'path': '/home/thedush/Videos/ros2_ws/src/cpp_node', 'symlink_install': False, 'test_result_base': None}
[0.403s] INFO:colcon.colcon_core.executor:Executing jobs using 'parallel' executor
[0.404s] DEBUG:colcon.colcon_parallel_executor.executor.parallel:run_until_complete
[0.404s] INFO:colcon.colcon_ros.task.ament_cmake.build:Building ROS package in '/home/thedush/Videos/ros2_ws/src/cpp_node' with build type 'ament_cmake'
[0.404s] INFO:colcon.colcon_cmake.task.cmake.build:Building CMake package in '/home/thedush/Videos/ros2_ws/src/cpp_node'
[0.406s] INFO:colcon.colcon_core.plugin_system:Skipping extension 'colcon_core.shell.bat': Not used on non-Windows systems
[0.406s] INFO:colcon.colcon_core.shell:Skip shell extension 'powershell' for command environment: Not usable outside of PowerShell
[0.406s] DEBUG:colcon.colcon_core.shell:Skip shell extension 'dsv' for command environment
[0.416s] DEBUG:colcon.colcon_core.event_handler.log_command:Invoking command in '/home/thedush/Videos/ros2_ws/build/cpp_node': CMAKE_PREFIX_PATH=${CMAKE_PREFIX_PATH}:/opt/ros/humble /usr/bin/cmake --build /home/thedush/Videos/ros2_ws/build/cpp_node -- -j8 -l8
[14.319s] DEBUG:colcon.colcon_core.event_handler.log_command:Invoked command in '/home/thedush/Videos/ros2_ws/build/cpp_node' returned '0': CMAKE_PREFIX_PATH=${CMAKE_PREFIX_PATH}:/opt/ros/humble /usr/bin/cmake --build /home/thedush/Videos/ros2_ws/build/cpp_node -- -j8 -l8
[14.330s] DEBUG:colcon.colcon_core.event_handler.log_command:Invoking command in '/home/thedush/Videos/ros2_ws/build/cpp_node': CMAKE_PREFIX_PATH=${CMAKE_PREFIX_PATH}:/opt/ros/humble /usr/bin/cmake --install /home/thedush/Videos/ros2_ws/build/cpp_node
[14.436s] Level 1:colcon.colcon_core.environment:create_environment_scripts_only(cpp_node)
[14.437s] DEBUG:colcon.colcon_core.event_handler.log_command:Invoked command in '/home/thedush/Videos/ros2_ws/build/cpp_node' returned '0': CMAKE_PREFIX_PATH=${CMAKE_PREFIX_PATH}:/opt/ros/humble /usr/bin/cmake --install /home/thedush/Videos/ros2_ws/build/cpp_node
[14.439s] Level 1:colcon.colcon_core.environment:checking '/home/thedush/Videos/ros2_ws/install/cpp_node' for CMake module files
[14.439s] Level 1:colcon.colcon_core.environment:checking '/home/thedush/Videos/ros2_ws/install/cpp_node' for CMake config files
[14.439s] Level 1:colcon.colcon_core.shell:create_environment_hook('cpp_node', 'cmake_prefix_path')
[14.439s] INFO:colcon.colcon_core.shell:Creating environment hook '/home/thedush/Videos/ros2_ws/install/cpp_node/share/cpp_node/hook/cmake_prefix_path.ps1'
[14.440s] INFO:colcon.colcon_core.shell:Creating environment descriptor '/home/thedush/Videos/ros2_ws/install/cpp_node/share/cpp_node/hook/cmake_prefix_path.dsv'
[14.441s] INFO:colcon.colcon_core.shell:Creating environment hook '/home/thedush/Videos/ros2_ws/install/cpp_node/share/cpp_node/hook/cmake_prefix_path.sh'
[14.442s] Level 1:colcon.colcon_core.environment:checking '/home/thedush/Videos/ros2_ws/install/cpp_node/lib'
[14.442s] Level 1:colcon.colcon_core.environment:checking '/home/thedush/Videos/ros2_ws/install/cpp_node/bin'
[14.442s] Level 1:colcon.colcon_core.environment:checking '/home/thedush/Videos/ros2_ws/install/cpp_node/lib/pkgconfig/cpp_node.pc'
[14.442s] Level 1:colcon.colcon_core.environment:checking '/home/thedush/Videos/ros2_ws/install/cpp_node/lib/python3.10/site-packages'
[14.443s] Level 1:colcon.colcon_core.environment:checking '/home/thedush/Videos/ros2_ws/install/cpp_node/bin'
[14.443s] INFO:colcon.colcon_core.shell:Creating package script '/home/thedush/Videos/ros2_ws/install/cpp_node/share/cpp_node/package.ps1'
[14.444s] INFO:colcon.colcon_core.shell:Creating package descriptor '/home/thedush/Videos/ros2_ws/install/cpp_node/share/cpp_node/package.dsv'
[14.445s] INFO:colcon.colcon_core.shell:Creating package script '/home/thedush/Videos/ros2_ws/install/cpp_node/share/cpp_node/package.sh'
[14.446s] INFO:colcon.colcon_core.shell:Creating package script '/home/thedush/Videos/ros2_ws/install/cpp_node/share/cpp_node/package.bash'
[14.447s] INFO:colcon.colcon_core.shell:Creating package script '/home/thedush/Videos/ros2_ws/install/cpp_node/share/cpp_node/package.zsh'
[14.447s] Level 1:colcon.colcon_core.environment:create_file_with_runtime_dependencies(/home/thedush/Videos/ros2_ws/install/cpp_node/share/colcon-core/packages/cpp_node)
[14.448s] Level 1:colcon.colcon_core.environment:create_environment_scripts_only(cpp_node)
[14.448s] Level 1:colcon.colcon_core.environment:checking '/home/thedush/Videos/ros2_ws/install/cpp_node' for CMake module files
[14.448s] Level 1:colcon.colcon_core.environment:checking '/home/thedush/Videos/ros2_ws/install/cpp_node' for CMake config files
[14.449s] Level 1:colcon.colcon_core.shell:create_environment_hook('cpp_node', 'cmake_prefix_path')
[14.449s] INFO:colcon.colcon_core.shell:Creating environment hook '/home/thedush/Videos/ros2_ws/install/cpp_node/share/cpp_node/hook/cmake_prefix_path.ps1'
[14.449s] INFO:colcon.colcon_core.shell:Creating environment descriptor '/home/thedush/Videos/ros2_ws/install/cpp_node/share/cpp_node/hook/cmake_prefix_path.dsv'
[14.450s] INFO:colcon.colcon_core.shell:Creating environment hook '/home/thedush/Videos/ros2_ws/install/cpp_node/share/cpp_node/hook/cmake_prefix_path.sh'
[14.450s] Level 1:colcon.colcon_core.environment:checking '/home/thedush/Videos/ros2_ws/install/cpp_node/lib'
[14.450s] Level 1:colcon.colcon_core.environment:checking '/home/thedush/Videos/ros2_ws/install/cpp_node/bin'
[14.450s] Level 1:colcon.colcon_core.environment:checking '/home/thedush/Videos/ros2_ws/install/cpp_node/lib/pkgconfig/cpp_node.pc'
[14.450s] Level 1:colcon.colcon_core.environment:checking '/home/thedush/Videos/ros2_ws/install/cpp_node/lib/python3.10/site-packages'
[14.451s] Level 1:colcon.colcon_core.environment:checking '/home/thedush/Videos/ros2_ws/install/cpp_node/bin'
[14.451s] INFO:colcon.colcon_core.shell:Creating package script '/home/thedush/Videos/ros2_ws/install/cpp_node/share/cpp_node/package.ps1'
[14.451s] INFO:colcon.colcon_core.shell:Creating package descriptor '/home/thedush/Videos/ros2_ws/install/cpp_node/share/cpp_node/package.dsv'
[14.452s] INFO:colcon.colcon_core.shell:Creating package script '/home/thedush/Videos/ros2_ws/install/cpp_node/share/cpp_node/package.sh'
[14.452s] INFO:colcon.colcon_core.shell:Creating package script '/home/thedush/Videos/ros2_ws/install/cpp_node/share/cpp_node/package.bash'
[14.452s] INFO:colcon.colcon_core.shell:Creating package script '/home/thedush/Videos/ros2_ws/install/cpp_node/share/cpp_node/package.zsh'
[14.453s] Level 1:colcon.colcon_core.environment:create_file_with_runtime_dependencies(/home/thedush/Videos/ros2_ws/install/cpp_node/share/colcon-core/packages/cpp_node)
[14.453s] DEBUG:colcon.colcon_parallel_executor.executor.parallel:closing loop
[14.453s] DEBUG:colcon.colcon_parallel_executor.executor.parallel:loop closed
[14.453s] DEBUG:colcon.colcon_parallel_executor.executor.parallel:run_until_complete finished with '0'
[14.454s] DEBUG:colcon.colcon_core.event_reactor:joining thread
[14.459s] INFO:colcon.colcon_core.plugin_system:Skipping extension 'colcon_notification.desktop_notification.terminal_notifier': Not used on non-Darwin systems
[14.460s] INFO:colcon.colcon_core.plugin_system:Skipping extension 'colcon_notification.desktop_notification.win32': Not used on non-Windows systems
[14.460s] INFO:colcon.colcon_notification.desktop_notification:Sending desktop notification using 'notify2'
[14.472s] DEBUG:colcon.colcon_core.event_reactor:joined thread
[14.473s] INFO:colcon.colcon_core.shell:Creating prefix script '/home/thedush/Videos/ros2_ws/install/local_setup.ps1'
[14.474s] INFO:colcon.colcon_core.shell:Creating prefix util module '/home/thedush/Videos/ros2_ws/install/_local_setup_util_ps1.py'
[14.476s] INFO:colcon.colcon_core.shell:Creating prefix chain script '/home/thedush/Videos/ros2_ws/install/setup.ps1'
[14.477s] INFO:colcon.colcon_core.shell:Creating prefix script '/home/thedush/Videos/ros2_ws/install/local_setup.sh'
[14.478s] INFO:colcon.colcon_core.shell:Creating prefix util module '/home/thedush/Videos/ros2_ws/install/_local_setup_util_sh.py'
[14.479s] INFO:colcon.colcon_core.shell:Creating prefix chain script '/home/thedush/Videos/ros2_ws/install/setup.sh'
[14.480s] INFO:colcon.colcon_core.shell:Creating prefix script '/home/thedush/Videos/ros2_ws/install/local_setup.bash'
[14.480s] INFO:colcon.colcon_core.shell:Creating prefix chain script '/home/thedush/Videos/ros2_ws/install/setup.bash'
[14.481s] INFO:colcon.colcon_core.shell:Creating prefix script '/home/thedush/Videos/ros2_ws/install/local_setup.zsh'
[14.482s] INFO:colcon.colcon_core.shell:Creating prefix chain script '/home/thedush/Videos/ros2_ws/install/setup.zsh'
